

================================================================
== Vivado HLS Report for 'sobel'
================================================================
* Date:           Sun Mar 29 23:31:16 2020

* Version:        2016.3 (Build 1682563 on Mon Oct 10 19:41:59 MDT 2016)
* Project:        sobel
* Solution:       solution1
* Product family: zynq
* Target device:  xc7z020clg400-3


================================================================
== Performance Estimates
================================================================
+ Timing (ns): 
    * Summary: 
    +--------+-------+----------+------------+
    |  Clock | Target| Estimated| Uncertainty|
    +--------+-------+----------+------------+
    |ap_clk  |  10.00|      8.11|        1.25|
    +--------+-------+----------+------------+

+ Latency (clock cycles): 
    * Summary: 
    +---------+---------+---------+---------+---------+
    |      Latency      |      Interval     | Pipeline|
    |   min   |   max   |   min   |   max   |   Type  |
    +---------+---------+---------+---------+---------+
    |  2714264|  2976408|  2714265|  2976409|   none  |
    +---------+---------+---------+---------+---------+

    + Detail: 
        * Instance: 
        N/A

        * Loop: 
        +-------------+---------+---------+------------+-----------+-----------+------+----------+
        |             |      Latency      |  Iteration |  Initiation Interval  | Trip |          |
        |  Loop Name  |   min   |   max   |   Latency  |  achieved |   target  | Count| Pipelined|
        +-------------+---------+---------+------------+-----------+-----------+------+----------+
        |- Loop 1     |   197120|   459264| 770 ~ 1794 |          -|          -|   256|    no    |
        | + Loop 1.1  |      768|     1792|    3 ~ 7   |          -|          -|   256|    no    |
        |- Loop 2     |   129540|   129540|         510|          -|          -|   254|    no    |
        | + Loop 2.1  |      508|      508|           2|          -|          -|   254|    no    |
        |- Loop 3     |  2387600|  2387600|        9400|          -|          -|   254|    no    |
        | + Loop 3.1  |     9398|     9398|          37|          -|          -|   254|    no    |
        +-------------+---------+---------+------------+-----------+-----------+------+----------+



================================================================
== Utilization Estimates
================================================================
* Summary: 
+-----------------+---------+-------+--------+-------+
|       Name      | BRAM_18K| DSP48E|   FF   |  LUT  |
+-----------------+---------+-------+--------+-------+
|DSP              |        -|      -|       -|      -|
|Expression       |        -|      -|       0|    840|
|FIFO             |        -|      -|       -|      -|
|Instance         |        -|      -|     288|    320|
|Memory           |      128|      -|       0|      0|
|Multiplexer      |        -|      -|       -|    354|
|Register         |        -|      -|     672|      -|
+-----------------+---------+-------+--------+-------+
|Total            |      128|      0|     960|   1514|
+-----------------+---------+-------+--------+-------+
|Available        |      280|    220|  106400|  53200|
+-----------------+---------+-------+--------+-------+
|Utilization (%)  |       45|      0|   ~0   |      2|
+-----------------+---------+-------+--------+-------+

+ Detail: 
    * Instance: 
    +-------------------------+----------------------+---------+-------+-----+-----+
    |         Instance        |        Module        | BRAM_18K| DSP48E|  FF | LUT |
    +-------------------------+----------------------+---------+-------+-----+-----+
    |sobel_sdiv_32ns_3bkb_U0  |sobel_sdiv_32ns_3bkb  |        0|      0|  288|  320|
    +-------------------------+----------------------+---------+-------+-----+-----+
    |Total                    |                      |        0|      0|  288|  320|
    +-------------------------+----------------------+---------+-------+-----+-----+

    * DSP48: 
    N/A

    * Memory: 
    +---------+-------------+---------+---+----+-------+-----+------+-------------+
    |  Memory |    Module   | BRAM_18K| FF| LUT| Words | Bits| Banks| W*Bits*Banks|
    +---------+-------------+---------+---+----+-------+-----+------+-------------+
    |image_U  |sobel_image  |      128|  0|   0|  65536|   32|     1|      2097152|
    +---------+-------------+---------+---+----+-------+-----+------+-------------+
    |Total    |             |      128|  0|   0|  65536|   32|     1|      2097152|
    +---------+-------------+---------+---+----+-------+-----+------+-------------+

    * FIFO: 
    N/A

    * Expression: 
    +-----------------------+----------+-------+---+----+------------+------------+
    |     Variable Name     | Operation| DSP48E| FF| LUT| Bitwidth P0| Bitwidth P1|
    +-----------------------+----------+-------+---+----+------------+------------+
    |c_1_fu_729_p2          |     +    |      0|  0|   8|           8|           1|
    |d_1_fu_723_p2          |     +    |      0|  0|   8|           8|           1|
    |i_1_fu_328_p2          |     +    |      0|  0|   9|           9|           1|
    |image_d0               |     +    |      0|  0|  32|          32|          32|
    |j_1_fu_454_p2          |     +    |      0|  0|   9|           9|           1|
    |k_1_fu_805_p2          |     +    |      0|  0|   8|           8|           1|
    |l_1_fu_799_p2          |     +    |      0|  0|   8|           1|           8|
    |sum_fu_370_p2          |     +    |      0|  0|   9|           9|           2|
    |tmp3_fu_584_p2         |     +    |      0|  0|  32|          32|          32|
    |tmp_13_fu_573_p2       |     +    |      0|  0|  16|          32|          32|
    |tmp_17_fu_589_p2       |     +    |      0|  0|  16|          32|          32|
    |tmp_26_fu_407_p2       |     +    |      0|  0|  18|          18|          18|
    |tmp_27_fu_417_p2       |     +    |      0|  0|  18|          18|          18|
    |tmp_28_fu_427_p2       |     +    |      0|  0|  17|          17|          16|
    |tmp_29_fu_438_p2       |     +    |      0|  0|  18|          18|          18|
    |tmp_32_fu_493_p2       |     +    |      0|  0|  18|          18|          18|
    |tmp_33_fu_503_p2       |     +    |      0|  0|  18|          18|          18|
    |tmp_34_fu_512_p2       |     +    |      0|  0|  18|          18|          18|
    |tmp_35_fu_519_p2       |     +    |      0|  0|  18|          18|          18|
    |tmp_36_fu_529_p2       |     +    |      0|  0|  18|          18|          18|
    |tmp_37_fu_534_p2       |     +    |      0|  0|  18|          18|          18|
    |tmp_9_fu_483_p2        |     +    |      0|  0|   9|           2|           9|
    |x_dir_fu_606_p2        |     +    |      0|  0|  16|          32|          32|
    |grp_fu_823_p0          |     -    |      0|  0|  32|          32|          32|
    |neg1_fu_646_p2         |     -    |      0|  0|  32|           1|          32|
    |neg_fu_629_p2          |     -    |      0|  0|  32|           1|          32|
    |tmp_11_fu_562_p2       |     -    |      0|  0|  32|          32|          32|
    |tmp_12_fu_567_p2       |     -    |      0|  0|  16|          32|          32|
    |tmp_14_fu_601_p2       |     -    |      0|  0|  16|          32|          32|
    |tmp_18_fu_595_p2       |     -    |      0|  0|  16|          32|          32|
    |tmp_19_fu_618_p2       |     -    |      0|  0|  16|          32|          32|
    |tmp_6_fu_698_p2        |     -    |      0|  0|  32|          32|          32|
    |y_dir_fu_623_p2        |     -    |      0|  0|  16|          32|          32|
    |or_cond7_fu_478_p2     |    and   |      0|  0|   1|           1|           1|
    |tmp1_fu_388_p2         |    and   |      0|  0|   1|           1|           1|
    |tmp2_fu_472_p2         |    and   |      0|  0|   1|           1|           1|
    |abscond1_fu_651_p2     |   icmp   |      0|  0|  11|          32|           1|
    |abscond_fu_634_p2      |   icmp   |      0|  0|  11|          32|           1|
    |exitcond1_fu_773_p2    |   icmp   |      0|  0|   3|           8|           2|
    |exitcond2_fu_717_p2    |   icmp   |      0|  0|   3|           8|           2|
    |exitcond3_fu_692_p2    |   icmp   |      0|  0|   3|           8|           2|
    |exitcond4_fu_448_p2    |   icmp   |      0|  0|   4|           9|          10|
    |exitcond5_fu_322_p2    |   icmp   |      0|  0|   4|           9|          10|
    |exitcond_fu_793_p2     |   icmp   |      0|  0|   3|           8|           2|
    |tmp_1_fu_340_p2        |   icmp   |      0|  0|   3|           9|           8|
    |tmp_20_fu_749_p2       |   icmp   |      0|  0|  11|          32|          32|
    |tmp_21_fu_670_p2       |   icmp   |      0|  0|   3|           9|           1|
    |tmp_24_fu_676_p2       |   icmp   |      0|  0|   3|           9|           8|
    |tmp_2_fu_735_p2        |   icmp   |      0|  0|  11|          32|          32|
    |tmp_4_fu_358_p2        |   icmp   |      0|  0|   3|           9|           1|
    |tmp_5_fu_364_p2        |   icmp   |      0|  0|   3|           9|           8|
    |tmp_7_fu_460_p2        |   icmp   |      0|  0|   3|           9|           1|
    |tmp_8_fu_466_p2        |   icmp   |      0|  0|   3|           9|           8|
    |tmp_fu_334_p2          |   icmp   |      0|  0|   3|           9|           1|
    |tmp_10_fu_307_p2       |    or    |      0|  0|  22|          17|           8|
    |abs1_fu_656_p3         |  select  |      0|  0|  32|           1|          32|
    |abs_fu_639_p3          |  select  |      0|  0|  32|           1|          32|
    |max_6_max_1_fu_741_p3  |  select  |      0|  0|  32|           1|          32|
    |max_fu_755_p3          |  select  |      0|  0|  32|           1|          32|
    +-----------------------+----------+-------+---+----+------------+------------+
    |Total                  |          |      0|  0| 840|         925|         951|
    +-----------------------+----------+-------+---+----+------------+------------+

    * Multiplexer: 
    +-----------------------+----+-----------+-----+-----------+
    |          Name         | LUT| Input Size| Bits| Total Bits|
    +-----------------------+----+-----------+-----+-----------+
    |ap_NS_fsm              |  96|         52|    1|         52|
    |c_reg_233              |   8|          2|    8|         16|
    |d_reg_245              |   8|          2|    8|         16|
    |i_reg_210              |   9|          2|    9|         18|
    |image_address0         |  16|          5|   16|         80|
    |input_image_address0   |  16|          5|   16|         80|
    |input_image_address1   |  16|          5|   16|         80|
    |j_reg_221              |   9|          2|    9|         18|
    |k_reg_256              |   8|          2|    8|         16|
    |l_reg_268              |   8|          2|    8|         16|
    |min_1_fu_60            |  32|          2|   32|         64|
    |min_fu_56              |  32|          2|   32|         64|
    |output_image_address0  |  16|          4|   16|         64|
    |output_image_address1  |  16|          3|   16|         48|
    |output_image_d0        |  32|          3|   32|         96|
    |reg_285                |  32|          2|   32|         64|
    +-----------------------+----+-----------+-----+-----------+
    |Total                  | 354|         95|  259|        792|
    +-----------------------+----+-----------+-----+-----------+

    * Register: 
    +------------------------------+----+----+-----+-----------+
    |             Name             | FF | LUT| Bits| Const Bits|
    +------------------------------+----+----+-----+-----------+
    |ap_CS_fsm                     |  51|   0|   51|          0|
    |c_reg_233                     |   8|   0|    8|          0|
    |d_1_reg_1052                  |   8|   0|    8|          0|
    |d_reg_245                     |   8|   0|    8|          0|
    |i_1_reg_854                   |   9|   0|    9|          0|
    |i_reg_210                     |   9|   0|    9|          0|
    |image_addr_1_reg_920          |  16|   0|   16|          0|
    |input_image_addr_6_reg_905    |  16|   0|   16|          0|
    |input_image_load_1_reg_959    |  32|   0|   32|          0|
    |input_image_load_2_reg_989    |  32|   0|   32|          0|
    |input_image_load_3_reg_995    |  32|   0|   32|          0|
    |j_1_reg_928                   |   9|   0|    9|          0|
    |j_reg_221                     |   9|   0|    9|          0|
    |k_reg_256                     |   8|   0|    8|          0|
    |l_1_reg_1078                  |   8|   0|    8|          0|
    |l_reg_268                     |   8|   0|    8|          0|
    |min_1_fu_60                   |  32|   0|   32|          0|
    |min_fu_56                     |  32|   0|   32|          0|
    |or_cond7_reg_934              |   1|   0|    1|          0|
    |output_image_addr_1_reg_1065  |  16|   0|   16|          0|
    |output_image_addr_2_reg_915   |  16|   0|   16|          0|
    |output_image_addr_3_reg_841   |   8|   0|   16|          8|
    |output_image_addr_4_reg_846   |   8|   0|   16|          8|
    |output_image_addr_reg_910     |   9|   0|   16|          7|
    |reg_285                       |  32|   0|   32|          0|
    |tmp1_reg_881                  |   1|   0|    1|          0|
    |tmp_13_reg_1005               |  32|   0|   32|          0|
    |tmp_18_reg_1010               |  32|   0|   32|          0|
    |tmp_21_reg_1029               |   1|   0|    1|          0|
    |tmp_26_cast_reg_834           |   9|   0|   18|          9|
    |tmp_30_cast_reg_859           |   9|   0|   18|          9|
    |tmp_32_cast_reg_874           |  10|   0|   18|          8|
    |tmp_34_reg_954                |  18|   0|   18|          0|
    |tmp_36_reg_969                |  18|   0|   18|          0|
    |tmp_37_reg_974                |  18|   0|   18|          0|
    |tmp_4_reg_866                 |   1|   0|    1|          0|
    |tmp_5_reg_870                 |   1|   0|    1|          0|
    |tmp_6_reg_1039                |  32|   0|   32|          0|
    |tmp_9_cast_cast_reg_938       |   9|   0|   18|          9|
    |x_dir_reg_1015                |  32|   0|   32|          0|
    |y_dir_reg_1022                |  32|   0|   32|          0|
    +------------------------------+----+----+-----+-----------+
    |Total                         | 672|   0|  730|         58|
    +------------------------------+----+----+-----+-----------+



================================================================
== Interface
================================================================
* Summary: 
+-----------------------+-----+-----+------------+--------------+--------------+
|       RTL Ports       | Dir | Bits|  Protocol  | Source Object|    C Type    |
+-----------------------+-----+-----+------------+--------------+--------------+
|ap_clk                 |  in |    1| ap_ctrl_hs |     sobel    | return value |
|ap_rst                 |  in |    1| ap_ctrl_hs |     sobel    | return value |
|ap_start               |  in |    1| ap_ctrl_hs |     sobel    | return value |
|ap_done                | out |    1| ap_ctrl_hs |     sobel    | return value |
|ap_idle                | out |    1| ap_ctrl_hs |     sobel    | return value |
|ap_ready               | out |    1| ap_ctrl_hs |     sobel    | return value |
|input_image_address0   | out |   16|  ap_memory |  input_image |     array    |
|input_image_ce0        | out |    1|  ap_memory |  input_image |     array    |
|input_image_q0         |  in |   32|  ap_memory |  input_image |     array    |
|input_image_address1   | out |   16|  ap_memory |  input_image |     array    |
|input_image_ce1        | out |    1|  ap_memory |  input_image |     array    |
|input_image_q1         |  in |   32|  ap_memory |  input_image |     array    |
|output_image_address0  | out |   16|  ap_memory | output_image |     array    |
|output_image_ce0       | out |    1|  ap_memory | output_image |     array    |
|output_image_we0       | out |    1|  ap_memory | output_image |     array    |
|output_image_d0        | out |   32|  ap_memory | output_image |     array    |
|output_image_address1  | out |   16|  ap_memory | output_image |     array    |
|output_image_ce1       | out |    1|  ap_memory | output_image |     array    |
|output_image_we1       | out |    1|  ap_memory | output_image |     array    |
|output_image_d1        | out |   32|  ap_memory | output_image |     array    |
+-----------------------+-----+-----+------------+--------------+--------------+

