@I [HLS-0] Workspace W:/Desktop/kmeans/kmeans/solution1 opened at Sun Mar 29 21:49:50 -0400 2020
@I [HLS-100] Execute     config_clock -quiet -name default -period 10 -default=false 
@I [SYN-201] Setting up clock 'default' with a period of 10ns.
@I [HLS-100] Command     config_clock returned 0; 0.001 sec.
@I [HLS-100] Execute     open_platform DefaultPlatform 
@I [HLS-100] Command     open_platform returned 0; 0 sec.
@I [HLS-100] Execute     import_lib C:/Xilinx/Vivado_HLS/2016.3/common/technology/xilinx/zynq/zynq 
@I [HLS-100] Execute       source C:/Xilinx/Vivado_HLS/2016.3/common/technology/xilinx/common/xilinx.lib 
@I [HLS-100] Execute         source C:/Xilinx/Vivado_HLS/2016.3/common/technology/xilinx/interface/xilinx_interface.lib 
@I [HLS-100] Execute           source C:/Xilinx/Vivado_HLS/2016.3/common/technology/xilinx/interface/plb46.lib 
@I [HLS-100] Command           ap_source returned 0; 0 sec.
@I [HLS-100] Execute           source C:/Xilinx/Vivado_HLS/2016.3/common/technology/xilinx/interface/fsl.lib 
@I [HLS-100] Command           ap_source returned 0; 0 sec.
@I [HLS-100] Execute           source C:/Xilinx/Vivado_HLS/2016.3/common/technology/xilinx/interface/axi4.lib 
@I [HLS-100] Command           ap_source returned 0; 0 sec.
@I [HLS-100] Execute           source C:/Xilinx/Vivado_HLS/2016.3/common/technology/xilinx/interface/maxi.lib 
@I [HLS-100] Command           ap_source returned 0; 0 sec.
@I [HLS-100] Execute           source C:/Xilinx/Vivado_HLS/2016.3/common/technology/xilinx/interface/saxilite.lib 
@I [HLS-100] Command           ap_source returned 0; 0 sec.
@I [HLS-100] Command         ap_source returned 0; 0.001 sec.
@I [HLS-100] Execute         source C:/Xilinx/Vivado_HLS/2016.3/common/technology/xilinx/common/dsp48.lib 
@I [HLS-100] Command         ap_source returned 0; 0 sec.
@I [HLS-100] Execute         source C:/Xilinx/Vivado_HLS/2016.3/common/technology/xilinx/ip/dds_compiler.lib 
@I [HLS-100] Command         ap_source returned 0; 0.001 sec.
@I [HLS-100] Execute         source C:/Xilinx/Vivado_HLS/2016.3/common/technology/xilinx/ip/xfft.lib 
@I [HLS-100] Command         ap_source returned 0; 0 sec.
@I [HLS-100] Execute         source C:/Xilinx/Vivado_HLS/2016.3/common/technology/xilinx/ip/xfir.lib 
@I [HLS-100] Command         ap_source returned 0; 0 sec.
@I [HLS-100] Command       ap_source returned 0; 0.005 sec.
@I [HLS-100] Execute       source C:/Xilinx/Vivado_HLS/2016.3/common/technology/xilinx/common/xilinx_old.lib 
@I [HLS-100] Command       ap_source returned 0; 0.001 sec.
@I [HLS-100] Execute       source C:/Xilinx/Vivado_HLS/2016.3/common/technology/xilinx/common/xilinx_vivado.lib 
@I [HLS-100] Command       ap_source returned 0; 0.001 sec.
@I [HLS-100] Execute       source C:/Xilinx/Vivado_HLS/2016.3/common/technology/xilinx/common/xilinx.hlp 
@I [HLS-100] Execute         source C:/Xilinx/Vivado_HLS/2016.3/common/technology/xilinx/common/target_info.tcl 
@I [HLS-100] Command         ap_source returned 0; 0 sec.
@I [HLS-100] Execute         source C:/Xilinx/Vivado_HLS/2016.3/common/technology/xilinx/interface/xilinx_interface.hlp 
@I [HLS-100] Execute           source C:/Xilinx/Vivado_HLS/2016.3/common/technology/xilinx/interface/maxi.hlp 
@I [HLS-100] Command           ap_source returned 0; 0 sec.
@I [HLS-100] Execute           source C:/Xilinx/Vivado_HLS/2016.3/common/technology/xilinx/interface/saxilite.hlp 
@I [HLS-100] Command           ap_source returned 0; 0 sec.
@I [HLS-100] Command         ap_source returned 0; 0.001 sec.
@I [HLS-100] Execute         source C:/Xilinx/Vivado_HLS/2016.3/common/technology/xilinx/common/dsp48.hlp 
@I [HLS-100] Command         ap_source returned 0; 0 sec.
@I [HLS-100] Command       ap_source returned 0; 0.004 sec.
@I [HLS-100] Execute       source C:/Xilinx/Vivado_HLS/2016.3/common/technology/xilinx/zynq/dsp48e1.hlp 
@I [HLS-100] Command       ap_source returned 0; 0 sec.
@I [HLS-100] Execute       get_default_platform 
@I [HLS-100] Command       get_default_platform returned 0; 0 sec.
@I [HLS-100] Execute       config_chip_info -quiet -resource  {SLICE 13300}  {LUT 53200}     {FF 106400} {DSP48E 220}   {BRAM 280}  
@I [HLS-100] Command       config_chip_info returned 0; 0 sec.
@I [HLS-100] Execute       config_chip_info -quiet -speed medium 
@I [HLS-100] Command       config_chip_info returned 0; 0 sec.
@I [HLS-100] Command     import_lib returned 0; 0.016 sec.
@I [HLS-100] Execute     source C:/Xilinx/Vivado_HLS/2016.3/common/technology/xilinx/zynq/zynq.gen 
@I [HLS-100] Execute       source C:/Xilinx/Vivado_HLS/2016.3/common/technology/xilinx/common/virtex.gen 
@I [HLS-100] Execute         source C:/Xilinx/Vivado_HLS/2016.3/common/technology/xilinx/common/xilinx.gen 
@I [HLS-100] Execute           source C:/Xilinx/Vivado_HLS/2016.3/common/technology/xilinx/interface/plb46.gen 
@I [HLS-100] Command           ap_source returned 0; 0.001 sec.
@I [HLS-100] Execute           source C:/Xilinx/Vivado_HLS/2016.3/common/technology/xilinx/interface/fsl.gen 
@I [HLS-100] Command           ap_source returned 0; 0.001 sec.
@I [HLS-100] Execute           source C:/Xilinx/Vivado_HLS/2016.3/common/technology/xilinx/interface/axi4.gen 
@I [HLS-100] Command           ap_source returned 0; 0.002 sec.
@I [HLS-100] Execute           source C:/Xilinx/Vivado_HLS/2016.3/common/technology/xilinx/interface/nativeAXI4.gen 
@I [HLS-100] Execute             source C:/Xilinx/Vivado_HLS/2016.3/common/technology/xilinx/interface/saxilite.gen 
@I [HLS-100] Command             ap_source returned 0; 0.004 sec.
@I [HLS-100] Execute             source C:/Xilinx/Vivado_HLS/2016.3/common/technology/xilinx/interface/maxi.gen 
@I [HLS-100] Command             ap_source returned 0; 0.008 sec.
@I [HLS-100] Command           ap_source returned 0; 0.013 sec.
@I [HLS-100] Execute           source C:/Xilinx/Vivado_HLS/2016.3/common/technology/xilinx/scripts/xilinxcoregen.gen 
@I [HLS-100] Command           ap_source returned 0; 0.009 sec.
@I [HLS-100] Execute           source C:/Xilinx/Vivado_HLS/2016.3/common/technology/xilinx/interface/XilEDKCoreGen.gen 
@I [HLS-100] Command           ap_source returned 0; 0.008 sec.
@I [HLS-100] Execute           source C:/Xilinx/Vivado_HLS/2016.3/common/technology/xilinx/ip/dds_compiler.gen 
@I [HLS-100] Command           ap_source returned 0; 0.003 sec.
@I [HLS-100] Execute           source C:/Xilinx/Vivado_HLS/2016.3/common/technology/xilinx/ip/util.gen 
@I [HLS-100] Command           ap_source returned 0; 0.001 sec.
@I [HLS-100] Execute           source C:/Xilinx/Vivado_HLS/2016.3/common/technology/xilinx/ip/xfft.gen 
@I [HLS-100] Command           ap_source returned 0; 0.104 sec.
@I [HLS-100] Execute           source C:/Xilinx/Vivado_HLS/2016.3/common/technology/xilinx/ip/xfir.gen 
@I [HLS-100] Command           ap_source returned 0; 0.001 sec.
@I [HLS-100] Command         ap_source returned 0; 0.144 sec.
@I [HLS-100] Execute         source C:/Xilinx/Vivado_HLS/2016.3/common/technology/xilinx/common/dsp48.gen 
@I [HLS-100] Command         ap_source returned 0; 0.001 sec.
@I [HLS-100] Command       ap_source returned 0; 0.147 sec.
@I [HLS-100] Command     ap_source returned 0; 0.147 sec.
@I [HLS-100] Execute     open_platform DefaultPlatform 
@I [HLS-100] Command     open_platform returned 0; 0 sec.
@I [HLS-100] Execute     import_lib C:/Xilinx/Vivado_HLS/2016.3/common/technology/xilinx/zynq/zynq_fpv6 
@I [HLS-100] Execute       source C:/Xilinx/Vivado_HLS/2016.3/common/technology/xilinx/common/xilinx_fpv7.lib 
@I [HLS-100] Execute         source C:/Xilinx/Vivado_HLS/2016.3/common/technology/xilinx/common/xilinx_hp.lib 
@I [HLS-100] Command         ap_source returned 0; 0.001 sec.
@I [HLS-100] Command       ap_source returned 0; 0.003 sec.
@I [HLS-100] Execute       source C:/Xilinx/Vivado_HLS/2016.3/common/technology/xilinx/common/xilinx_fpv.hlp 
@I [HLS-100] Execute         source C:/Xilinx/Vivado_HLS/2016.3/common/technology/xilinx/common/xilinx.hlp 
@I [HLS-100] Execute           source C:/Xilinx/Vivado_HLS/2016.3/common/technology/xilinx/common/target_info.tcl 
@I [HLS-100] Command           ap_source returned 0; 0.001 sec.
@I [HLS-100] Execute           source C:/Xilinx/Vivado_HLS/2016.3/common/technology/xilinx/interface/xilinx_interface.hlp 
@I [HLS-100] Execute             source C:/Xilinx/Vivado_HLS/2016.3/common/technology/xilinx/interface/maxi.hlp 
@I [HLS-100] Command             ap_source returned 0; 0 sec.
@I [HLS-100] Execute             source C:/Xilinx/Vivado_HLS/2016.3/common/technology/xilinx/interface/saxilite.hlp 
@I [HLS-100] Command             ap_source returned 0; 0.001 sec.
@I [HLS-100] Command           ap_source returned 0; 0.001 sec.
@I [HLS-100] Execute           source C:/Xilinx/Vivado_HLS/2016.3/common/technology/xilinx/common/dsp48.hlp 
@I [HLS-100] Command           ap_source returned 0; 0.001 sec.
@I [HLS-100] Command         ap_source returned 0; 0.005 sec.
@I [HLS-100] Command       ap_source returned 0; 0.005 sec.
@I [HLS-100] Execute       source C:/Xilinx/Vivado_HLS/2016.3/common/technology/xilinx/zynq/zynq_hp.hlp 
@I [HLS-100] Command       ap_source returned 0; 0.001 sec.
@I [HLS-100] Command     import_lib returned 0; 0.019 sec.
@I [HLS-100] Execute     source C:/Xilinx/Vivado_HLS/2016.3/common/technology/xilinx/zynq/zynq_fpv6.gen 
@I [HLS-100] Execute       source C:/Xilinx/Vivado_HLS/2016.3/common/technology/xilinx/common/xilinx_fpv6.gen 
@I [HLS-100] Command       ap_source returned 0; 0.002 sec.
@I [HLS-100] Command     ap_source returned 0; 0.002 sec.
@I [HLS-100] Execute     set_part xc7z020clg400-3 
@I [HLS-100] Execute       add_library xilinx/zynq/zynq:xc7z020:clg400:-3 
@I [HLS-100] Execute         get_default_platform 
@I [HLS-100] Command         get_default_platform returned 0; 0 sec.
@I [HLS-100] Execute         license_isbetapart xc7z020 
@I [HLS-100] Command         license_isbetapart returned 1; 0.012 sec.
@I [HLS-100] Execute         get_default_platform 
@I [HLS-100] Command         get_default_platform returned 0; 0 sec.
@I [HLS-100] Execute         config_chip_info -quiet -resource  {SLICE 13300}  {LUT 53200}     {FF 106400} {DSP48E 220}   {BRAM 280}  
@I [HLS-100] Command         config_chip_info returned 0; 0 sec.
@I [HLS-100] Execute         config_chip_info -quiet -speed fast 
@I [HLS-100] Command         config_chip_info returned 0; 0 sec.
@I [HLS-100] Command       add_library returned 0; 0.024 sec.
@I [HLS-100] Execute       add_library xilinx/zynq/zynq_fpv6 
@I [HLS-100] Execute         get_default_platform 
@I [HLS-100] Command         get_default_platform returned 0; 0 sec.
@I [HLS-100] Command       add_library returned 0; 0.007 sec.
@I [HLS-10] Setting target device to 'xc7z020clg400-3'
@I [HLS-100] Command     set_part returned 0; 0.036 sec.
@I [HLS-100] Execute     get_default_platform 
@I [HLS-100] Command     get_default_platform returned 0; 0 sec.
@I [HLS-100] Execute     config_chip_info -quiet -resource  {SLICE 13300}  {LUT 53200}     {FF 106400} {DSP48E 220}   {BRAM 280}  
@I [HLS-100] Command     config_chip_info returned 0; 0 sec.
@I [HLS-100] Execute     config_chip_info -quiet -speed fast 
@I [HLS-100] Command     config_chip_info returned 0; 0 sec.
@I [HLS-100] Command   open_solution returned 0; 0.272 sec.
@I [HLS-100] Execute   export_design -rtl verilog -format ip_catalog 
@I [HLS-100] Execute     source W:/Desktop/kmeans/kmeans/solution1/.autopilot/db/global.setting.tcl 
@I [HLS-100] Command     ap_source returned 0; 0.004 sec.
@I [HLS-100] Execute     source C:/Xilinx/Vivado_HLS/2016.3/common/technology/generic/autopilot/common.gen 
@I [HLS-100] Execute       source C:/Xilinx/Vivado_HLS/2016.3/common/technology/generic/autopilot/APCoreGen.gen 
@I [HLS-100] Command       ap_source returned 0; 0.001 sec.
@I [HLS-100] Command     ap_source returned 0; 0.001 sec.
@I [HLS-100] Execute     source C:/Xilinx/Vivado_HLS/2016.3/common/technology/generic/autopilot/op.gen 
@I [HLS-100] Command     ap_source returned 0; 0.001 sec.
@I [HLS-100] Execute     source C:/Xilinx/Vivado_HLS/2016.3/common/technology/generic/autopilot/op_simcore.gen 
@I [HLS-100] Command     ap_source returned 0; 0.001 sec.
@I [HLS-100] Execute     source C:/Xilinx/Vivado_HLS/2016.3/common/technology/generic/autopilot/interface.gen 
@I [HLS-100] Command     ap_source returned 0; 0 sec.
@I [HLS-100] Execute     source W:/Desktop/kmeans/kmeans/solution1/.autopilot/db/global.setting.tcl 
@I [HLS-100] Command     ap_source returned 0; 0.002 sec.
@I [HLS-100] Execute     source C:/Xilinx/Vivado_HLS/2016.3/common/technology/xilinx/zynq/zynq.gen 
@I [HLS-100] Execute       source C:/Xilinx/Vivado_HLS/2016.3/common/technology/xilinx/common/virtex.gen 
@I [HLS-100] Execute         source C:/Xilinx/Vivado_HLS/2016.3/common/technology/xilinx/common/xilinx.gen 
@I [HLS-100] Execute           source C:/Xilinx/Vivado_HLS/2016.3/common/technology/xilinx/interface/plb46.gen 
@I [HLS-100] Command           ap_source returned 0; 0.001 sec.
@I [HLS-100] Execute           source C:/Xilinx/Vivado_HLS/2016.3/common/technology/xilinx/interface/fsl.gen 
@I [HLS-100] Command           ap_source returned 0; 0 sec.
@I [HLS-100] Execute           source C:/Xilinx/Vivado_HLS/2016.3/common/technology/xilinx/interface/axi4.gen 
@I [HLS-100] Command           ap_source returned 0; 0.002 sec.
@I [HLS-100] Execute           source C:/Xilinx/Vivado_HLS/2016.3/common/technology/xilinx/interface/nativeAXI4.gen 
@I [HLS-100] Execute             source C:/Xilinx/Vivado_HLS/2016.3/common/technology/xilinx/interface/saxilite.gen 
@I [HLS-100] Command             ap_source returned 0; 0.004 sec.
@I [HLS-100] Execute             source C:/Xilinx/Vivado_HLS/2016.3/common/technology/xilinx/interface/maxi.gen 
@I [HLS-100] Command             ap_source returned 0; 0.008 sec.
@I [HLS-100] Command           ap_source returned 0; 0.012 sec.
@I [HLS-100] Execute           source C:/Xilinx/Vivado_HLS/2016.3/common/technology/xilinx/scripts/xilinxcoregen.gen 
@I [HLS-100] Command           ap_source returned 0; 0.01 sec.
@I [HLS-100] Execute           source C:/Xilinx/Vivado_HLS/2016.3/common/technology/xilinx/interface/XilEDKCoreGen.gen 
@I [HLS-100] Command           ap_source returned 0; 0.008 sec.
@I [HLS-100] Execute           source C:/Xilinx/Vivado_HLS/2016.3/common/technology/xilinx/ip/dds_compiler.gen 
@I [HLS-100] Command           ap_source returned 0; 0.003 sec.
@I [HLS-100] Execute           source C:/Xilinx/Vivado_HLS/2016.3/common/technology/xilinx/ip/util.gen 
@I [HLS-100] Command           ap_source returned 0; 0 sec.
@I [HLS-100] Execute           source C:/Xilinx/Vivado_HLS/2016.3/common/technology/xilinx/ip/xfft.gen 
@I [HLS-100] Command           ap_source returned 0; 0.096 sec.
@I [HLS-100] Execute           source C:/Xilinx/Vivado_HLS/2016.3/common/technology/xilinx/ip/xfir.gen 
@I [HLS-100] Command           ap_source returned 0; 0.001 sec.
@I [HLS-100] Command         ap_source returned 0; 0.136 sec.
@I [HLS-100] Execute         source C:/Xilinx/Vivado_HLS/2016.3/common/technology/xilinx/common/dsp48.gen 
@I [HLS-100] Command         ap_source returned 0; 0 sec.
@I [HLS-100] Command       ap_source returned 0; 0.138 sec.
@I [HLS-100] Command     ap_source returned 0; 0.139 sec.
@I [HLS-100] Execute     source C:/Xilinx/Vivado_HLS/2016.3/common/technology/xilinx/zynq/zynq_fpv6.gen 
@I [HLS-100] Execute       source C:/Xilinx/Vivado_HLS/2016.3/common/technology/xilinx/common/xilinx_fpv6.gen 
@I [HLS-100] Command       ap_source returned 0; 0.002 sec.
@I [HLS-100] Command     ap_source returned 0; 0.002 sec.
@I [HLS-100] Execute     source W:/Desktop/kmeans/kmeans/solution1/.autopilot/db/global.setting.tcl 
@I [HLS-100] Command     ap_source returned 0; 0.002 sec.
@I [IMPL-8] Exporting RTL as an IP in IP-XACT.
@I [HLS-100] Execute     source W:/Desktop/kmeans/kmeans/solution1/.autopilot/db/global.setting.tcl 
@I [HLS-100] Command     ap_source returned 0; 0.006 sec.
@I [HLS-100] Execute     source W:/Desktop/kmeans/kmeans/solution1/.autopilot/db/global.setting.tcl 
@I [HLS-100] Command     ap_source returned 0; 0.005 sec.
@I [HLS-100] Execute     source C:/Xilinx/Vivado_HLS/2016.3/common/technology/generic/autopilot/common.gen 
@I [HLS-100] Execute       source C:/Xilinx/Vivado_HLS/2016.3/common/technology/generic/autopilot/APCoreGen.gen 
@I [HLS-100] Command       ap_source returned 0; 0.001 sec.
@I [HLS-100] Command     ap_source returned 0; 0.001 sec.
@I [HLS-100] Execute     source C:/Xilinx/Vivado_HLS/2016.3/common/technology/generic/autopilot/op.gen 
@I [HLS-100] Command     ap_source returned 0; 0.001 sec.
@I [HLS-100] Execute     source C:/Xilinx/Vivado_HLS/2016.3/common/technology/generic/autopilot/op_simcore.gen 
@I [HLS-100] Command     ap_source returned 0; 0.001 sec.
@I [HLS-100] Execute     source C:/Xilinx/Vivado_HLS/2016.3/common/technology/generic/autopilot/interface.gen 
@I [HLS-100] Command     ap_source returned 0; 0 sec.
@I [HLS-100] Execute     source W:/Desktop/kmeans/kmeans/solution1/.autopilot/db/global.setting.tcl 
@I [HLS-100] Command     ap_source returned 0; 0.002 sec.
@I [HLS-100] Execute     source C:/Xilinx/Vivado_HLS/2016.3/common/technology/xilinx/zynq/zynq.gen 
@I [HLS-100] Execute       source C:/Xilinx/Vivado_HLS/2016.3/common/technology/xilinx/common/virtex.gen 
@I [HLS-100] Execute         source C:/Xilinx/Vivado_HLS/2016.3/common/technology/xilinx/common/xilinx.gen 
@I [HLS-100] Execute           source C:/Xilinx/Vivado_HLS/2016.3/common/technology/xilinx/interface/plb46.gen 
@I [HLS-100] Command           ap_source returned 0; 0.001 sec.
@I [HLS-100] Execute           source C:/Xilinx/Vivado_HLS/2016.3/common/technology/xilinx/interface/fsl.gen 
@I [HLS-100] Command           ap_source returned 0; 0 sec.
@I [HLS-100] Execute           source C:/Xilinx/Vivado_HLS/2016.3/common/technology/xilinx/interface/axi4.gen 
@I [HLS-100] Command           ap_source returned 0; 0.002 sec.
@I [HLS-100] Execute           source C:/Xilinx/Vivado_HLS/2016.3/common/technology/xilinx/interface/nativeAXI4.gen 
@I [HLS-100] Execute             source C:/Xilinx/Vivado_HLS/2016.3/common/technology/xilinx/interface/saxilite.gen 
@I [HLS-100] Command             ap_source returned 0; 0.003 sec.
@I [HLS-100] Execute             source C:/Xilinx/Vivado_HLS/2016.3/common/technology/xilinx/interface/maxi.gen 
@I [HLS-100] Command             ap_source returned 0; 0.008 sec.
@I [HLS-100] Command           ap_source returned 0; 0.012 sec.
@I [HLS-100] Execute           source C:/Xilinx/Vivado_HLS/2016.3/common/technology/xilinx/scripts/xilinxcoregen.gen 
@I [HLS-100] Command           ap_source returned 0; 0.01 sec.
@I [HLS-100] Execute           source C:/Xilinx/Vivado_HLS/2016.3/common/technology/xilinx/interface/XilEDKCoreGen.gen 
@I [HLS-100] Command           ap_source returned 0; 0.008 sec.
@I [HLS-100] Execute           source C:/Xilinx/Vivado_HLS/2016.3/common/technology/xilinx/ip/dds_compiler.gen 
@I [HLS-100] Command           ap_source returned 0; 0.003 sec.
@I [HLS-100] Execute           source C:/Xilinx/Vivado_HLS/2016.3/common/technology/xilinx/ip/util.gen 
@I [HLS-100] Command           ap_source returned 0; 0 sec.
@I [HLS-100] Execute           source C:/Xilinx/Vivado_HLS/2016.3/common/technology/xilinx/ip/xfft.gen 
@I [HLS-100] Command           ap_source returned 0; 0.096 sec.
@I [HLS-100] Execute           source C:/Xilinx/Vivado_HLS/2016.3/common/technology/xilinx/ip/xfir.gen 
@I [HLS-100] Command           ap_source returned 0; 0.001 sec.
@I [HLS-100] Command         ap_source returned 0; 0.134 sec.
@I [HLS-100] Execute         source C:/Xilinx/Vivado_HLS/2016.3/common/technology/xilinx/common/dsp48.gen 
@I [HLS-100] Command         ap_source returned 0; 0 sec.
@I [HLS-100] Command       ap_source returned 0; 0.136 sec.
@I [HLS-100] Command     ap_source returned 0; 0.137 sec.
@I [HLS-100] Execute     source C:/Xilinx/Vivado_HLS/2016.3/common/technology/xilinx/zynq/zynq_fpv6.gen 
@I [HLS-100] Execute       source C:/Xilinx/Vivado_HLS/2016.3/common/technology/xilinx/common/xilinx_fpv6.gen 
@I [HLS-100] Command       ap_source returned 0; 0.001 sec.
@I [HLS-100] Command     ap_source returned 0; 0.001 sec.
@I [HLS-100] Execute     source W:/Desktop/kmeans/kmeans/solution1/.autopilot/db/global.setting.tcl 
@I [HLS-100] Command     ap_source returned 0; 0.002 sec.
@I [HLS-100] Execute     source W:/Desktop/kmeans/kmeans/solution1/.autopilot/db/global.setting.tcl 
@I [HLS-100] Command     ap_source returned 0; 0.002 sec.
@I [HLS-100] Execute     source W:/Desktop/kmeans/kmeans/solution1/.autopilot/db/kmeans.compgen.tcl 
@I [HLS-100] Command     ap_source returned 0; 0.001 sec.
@I [HLS-100] Execute     source W:/Desktop/kmeans/kmeans/solution1/.autopilot/db/global.setting.tcl 
@I [HLS-100] Command     ap_source returned 0; 0.005 sec.
@I [HLS-100] Execute     source W:/Desktop/kmeans/kmeans/solution1/.autopilot/db/global.setting.tcl 
@I [HLS-100] Command     ap_source returned 0; 0.001 sec.
@I [HLS-100] Execute     source W:/Desktop/kmeans/kmeans/solution1/.autopilot/db/kmeans.compgen.tcl 
@I [HLS-100] Execute       source W:/Desktop/kmeans/kmeans/solution1/.autopilot/db/kmeans.rtl_wrap.cfg.tcl 
@I [HLS-100] Command       ap_source returned 0; 0.001 sec.
@I [HLS-100] Execute       source W:/Desktop/kmeans/kmeans/solution1/.autopilot/db/kmeans.rtl_wrap.cfg.tcl 
@I [HLS-100] Command       ap_source returned 0; 0.001 sec.
@I [HLS-100] Execute       source W:/Desktop/kmeans/kmeans/solution1/.autopilot/db/kmeans.rtl_wrap.cfg.tcl 
@I [HLS-100] Command       ap_source returned 0; 0.001 sec.
@I [HLS-100] Execute       source W:/Desktop/kmeans/kmeans/solution1/.autopilot/db/kmeans.tbgen.tcl 
@I [HLS-100] Command       ap_source returned 0; 0.002 sec.
@I [HLS-100] Execute       source W:/Desktop/kmeans/kmeans/solution1/.autopilot/db/kmeans.tbgen.tcl 
@I [HLS-100] Command       ap_source returned 0; 0.001 sec.
@I [HLS-100] Execute       source W:/Desktop/kmeans/kmeans/solution1/.autopilot/db/kmeans.tbgen.tcl 
@I [HLS-100] Command       ap_source returned 0; 0.006 sec.
@I [HLS-100] Execute       source W:/Desktop/kmeans/kmeans/solution1/.autopilot/db/kmeans.tbgen.tcl 
@I [HLS-100] Command       ap_source returned 0; 0.001 sec.
@I [HLS-100] Command     ap_source returned 0; 0.138 sec.
@I [HLS-100] Execute     source W:/Desktop/kmeans/kmeans/solution1/.autopilot/db/global.setting.tcl 
@I [HLS-100] Command     ap_source returned 0; 0.005 sec.
@I [HLS-100] Execute     source W:/Desktop/kmeans/kmeans/solution1/.autopilot/db/global.setting.tcl 
@I [HLS-100] Command     ap_source returned 0; 0.001 sec.
@I [HLS-100] Execute     source W:/Desktop/kmeans/kmeans/solution1/.autopilot/db/kmeans.compgen.tcl 
@I [HLS-100] Command     ap_source returned 0; 0.001 sec.
@I [HLS-100] Execute     source W:/Desktop/kmeans/kmeans/solution1/.autopilot/db/global.setting.tcl 
@I [HLS-100] Command     ap_source returned 0; 0.005 sec.
@I [HLS-100] Execute     source W:/Desktop/kmeans/kmeans/solution1/.autopilot/db/kmeans.constraint.tcl 
@I [HLS-100] Command     ap_source returned 0; 0.006 sec.
@I [HLS-100] Execute     source W:/Desktop/kmeans/kmeans/solution1/.autopilot/db/global.setting.tcl 
@I [HLS-100] Command     ap_source returned 0; 0.035 sec.
@I [HLS-100] Execute     source W:/Desktop/kmeans/kmeans/solution1/.autopilot/db/kmeans.rtl_wrap.cfg.tcl 
@I [HLS-100] Command     ap_source returned 0; 0.034 sec.
@I [HLS-100] Execute     source W:/Desktop/kmeans/kmeans/solution1/.autopilot/db/kmeans.rtl_wrap.cfg.tcl 
@I [HLS-100] Command     ap_source returned 0; 0.036 sec.
@I [HLS-100] Execute     source W:/Desktop/kmeans/kmeans/solution1/.autopilot/db/kmeans.rtl_wrap.cfg.tcl 
@I [HLS-100] Command     ap_source returned 0; 0.035 sec.
@I [HLS-100] Execute     source W:/Desktop/kmeans/kmeans/solution1/.autopilot/db/kmeans.tbgen.tcl 
@I [HLS-100] Command     ap_source returned 0; 0.061 sec.
@I [HLS-100] Execute     source W:/Desktop/kmeans/kmeans/solution1/.autopilot/db/kmeans.tbgen.tcl 
@I [HLS-100] Command     ap_source returned 0; 0.005 sec.
@I [HLS-100] Execute     source W:/Desktop/kmeans/kmeans/solution1/.autopilot/db/global.setting.tcl 
@I [HLS-100] Command     ap_source returned 0; 0.033 sec.
@I [HLS-100] Execute     source W:/Desktop/kmeans/kmeans/solution1/.autopilot/db/global.setting.tcl 
@I [HLS-100] Command     ap_source returned 0; 0.032 sec.
@I [HLS-100] Execute     source W:/Desktop/kmeans/kmeans/solution1/.autopilot/db/global.setting.tcl 
@I [HLS-100] Command     ap_source returned 0; 0.032 sec.
@I [HLS-100] Execute     source W:/Desktop/kmeans/kmeans/solution1/.autopilot/db/kmeans.rtl_wrap.cfg.tcl 
@I [HLS-100] Command     ap_source returned 0; 0.033 sec.
@I [HLS-100] Execute     source W:/Desktop/kmeans/kmeans/solution1/.autopilot/db/kmeans.rtl_wrap.cfg.tcl 
@I [HLS-100] Command     ap_source returned 0; 0.033 sec.
@I [HLS-100] Execute     source W:/Desktop/kmeans/kmeans/solution1/.autopilot/db/kmeans.tbgen.tcl 
@I [HLS-100] Command     ap_source returned 0; 0.006 sec.
@I [HLS-100] Execute     source W:/Desktop/kmeans/kmeans/solution1/.autopilot/db/kmeans.tbgen.tcl 
@I [HLS-100] Command     ap_source returned 0; 0.03 sec.
@I [HLS-100] Execute     source W:/Desktop/kmeans/kmeans/solution1/.autopilot/db/kmeans.rtl_wrap.cfg.tcl 
@I [HLS-100] Command     ap_source returned 0; 0.03 sec.
@I [HLS-100] Execute     source W:/Desktop/kmeans/kmeans/solution1/.autopilot/db/kmeans.rtl_wrap.cfg.tcl 
@I [HLS-100] Command     ap_source returned 0; 0.032 sec.
@I [HLS-100] Execute     source W:/Desktop/kmeans/kmeans/solution1/.autopilot/db/kmeans.tbgen.tcl 
@I [HLS-100] Command     ap_source returned 0; 0.005 sec.
@I [HLS-100] Execute     source W:/Desktop/kmeans/kmeans/solution1/.autopilot/db/kmeans.tbgen.tcl 
@I [HLS-100] Command     ap_source returned 0; 0.028 sec.
@I [HLS-100] Execute     source W:/Desktop/kmeans/kmeans/solution1/.autopilot/db/global.setting.tcl 
@I [HLS-100] Command     ap_source returned 0; 0.032 sec.
@I [HLS-100] Execute     source W:/Desktop/kmeans/kmeans/solution1/.autopilot/db/kmeans.constraint.tcl 
@I [HLS-100] Command     ap_source returned 0; 0.083 sec.
@I [HLS-100] Execute     source W:/Desktop/kmeans/kmeans/solution1/.autopilot/db/global.setting.tcl 
@I [HLS-100] Command     ap_source returned 0; 0.059 sec.
@I [HLS-100] Execute     source W:/Desktop/kmeans/kmeans/solution1/.autopilot/db/global.setting.tcl 
@I [HLS-100] Command     ap_source returned 0; 0.007 sec.
@I [HLS-100] Execute     source W:/Desktop/kmeans/kmeans/solution1/.autopilot/db/kmeans.constraint.tcl 
@I [HLS-100] Command     ap_source returned 0; 0.033 sec.
@I [HLS-100] Execute     source W:/Desktop/kmeans/kmeans/solution1/.autopilot/db/global.setting.tcl 
@I [HLS-100] Command     ap_source returned 0; 0.031 sec.
@I [HLS-100] Execute     source W:/Desktop/kmeans/kmeans/solution1/.autopilot/db/kmeans.constraint.tcl 
@I [HLS-100] Command     ap_source returned 0; 0.032 sec.
@I [HLS-100] Execute     source W:/Desktop/kmeans/kmeans/solution1/.autopilot/db/global.setting.tcl 
@I [HLS-100] Command     ap_source returned 0; 0.032 sec.
@I [HLS-100] Execute     source C:/Xilinx/Vivado_HLS/2016.3/common/technology/generic/autopilot/common.gen 
@I [HLS-100] Execute       source C:/Xilinx/Vivado_HLS/2016.3/common/technology/generic/autopilot/APCoreGen.gen 
@I [HLS-100] Command       ap_source returned 0; 0.001 sec.
@I [HLS-100] Command     ap_source returned 0; 0.001 sec.
@I [HLS-100] Execute     source C:/Xilinx/Vivado_HLS/2016.3/common/technology/generic/autopilot/op.gen 
@I [HLS-100] Command     ap_source returned 0; 0.001 sec.
@I [HLS-100] Execute     source C:/Xilinx/Vivado_HLS/2016.3/common/technology/generic/autopilot/op_simcore.gen 
@I [HLS-100] Command     ap_source returned 0; 0.001 sec.
@I [HLS-100] Execute     source C:/Xilinx/Vivado_HLS/2016.3/common/technology/generic/autopilot/interface.gen 
@I [HLS-100] Command     ap_source returned 0; 0 sec.
@I [HLS-100] Execute     source W:/Desktop/kmeans/kmeans/solution1/.autopilot/db/global.setting.tcl 
@I [HLS-100] Command     ap_source returned 0; 0.007 sec.
@I [HLS-100] Execute     source C:/Xilinx/Vivado_HLS/2016.3/common/technology/xilinx/zynq/zynq.gen 
@I [HLS-100] Execute       source C:/Xilinx/Vivado_HLS/2016.3/common/technology/xilinx/common/virtex.gen 
@I [HLS-100] Execute         source C:/Xilinx/Vivado_HLS/2016.3/common/technology/xilinx/common/xilinx.gen 
@I [HLS-100] Execute           source C:/Xilinx/Vivado_HLS/2016.3/common/technology/xilinx/interface/plb46.gen 
@I [HLS-100] Command           ap_source returned 0; 0.001 sec.
@I [HLS-100] Execute           source C:/Xilinx/Vivado_HLS/2016.3/common/technology/xilinx/interface/fsl.gen 
@I [HLS-100] Command           ap_source returned 0; 0 sec.
@I [HLS-100] Execute           source C:/Xilinx/Vivado_HLS/2016.3/common/technology/xilinx/interface/axi4.gen 
@I [HLS-100] Command           ap_source returned 0; 0.003 sec.
@I [HLS-100] Execute           source C:/Xilinx/Vivado_HLS/2016.3/common/technology/xilinx/interface/nativeAXI4.gen 
@I [HLS-100] Execute             source C:/Xilinx/Vivado_HLS/2016.3/common/technology/xilinx/interface/saxilite.gen 
@I [HLS-100] Command             ap_source returned 0; 0.004 sec.
@I [HLS-100] Execute             source C:/Xilinx/Vivado_HLS/2016.3/common/technology/xilinx/interface/maxi.gen 
@I [HLS-100] Command             ap_source returned 0; 0.008 sec.
@I [HLS-100] Command           ap_source returned 0; 0.012 sec.
@I [HLS-100] Execute           source C:/Xilinx/Vivado_HLS/2016.3/common/technology/xilinx/scripts/xilinxcoregen.gen 
@I [HLS-100] Command           ap_source returned 0; 0.01 sec.
@I [HLS-100] Execute           source C:/Xilinx/Vivado_HLS/2016.3/common/technology/xilinx/interface/XilEDKCoreGen.gen 
@I [HLS-100] Command           ap_source returned 0; 0.008 sec.
@I [HLS-100] Execute           source C:/Xilinx/Vivado_HLS/2016.3/common/technology/xilinx/ip/dds_compiler.gen 
@I [HLS-100] Command           ap_source returned 0; 0.003 sec.
@I [HLS-100] Execute           source C:/Xilinx/Vivado_HLS/2016.3/common/technology/xilinx/ip/util.gen 
@I [HLS-100] Command           ap_source returned 0; 0 sec.
@I [HLS-100] Execute           source C:/Xilinx/Vivado_HLS/2016.3/common/technology/xilinx/ip/xfft.gen 
@I [HLS-100] Command           ap_source returned 0; 0.096 sec.
@I [HLS-100] Execute           source C:/Xilinx/Vivado_HLS/2016.3/common/technology/xilinx/ip/xfir.gen 
@I [HLS-100] Command           ap_source returned 0; 0.001 sec.
@I [HLS-100] Command         ap_source returned 0; 0.135 sec.
@I [HLS-100] Execute         source C:/Xilinx/Vivado_HLS/2016.3/common/technology/xilinx/common/dsp48.gen 
@I [HLS-100] Command         ap_source returned 0; 0 sec.
@I [HLS-100] Command       ap_source returned 0; 0.138 sec.
@I [HLS-100] Command     ap_source returned 0; 0.138 sec.
@I [HLS-100] Execute     source C:/Xilinx/Vivado_HLS/2016.3/common/technology/xilinx/zynq/zynq_fpv6.gen 
@I [HLS-100] Execute       source C:/Xilinx/Vivado_HLS/2016.3/common/technology/xilinx/common/xilinx_fpv6.gen 
@I [HLS-100] Command       ap_source returned 0; 0.002 sec.
@I [HLS-100] Command     ap_source returned 0; 0.002 sec.
@I [HLS-100] Execute     source W:/Desktop/kmeans/kmeans/solution1/.autopilot/db/global.setting.tcl 
@I [HLS-100] Command     ap_source returned 0; 0.003 sec.
@I [HLS-100] Execute     source C:/Xilinx/Vivado_HLS/2016.3/common/technology/generic/autopilot/common.gen 
@I [HLS-100] Execute       source C:/Xilinx/Vivado_HLS/2016.3/common/technology/generic/autopilot/APCoreGen.gen 
@I [HLS-100] Command       ap_source returned 0; 0.001 sec.
@I [HLS-100] Command     ap_source returned 0; 0.002 sec.
@I [HLS-100] Execute     source C:/Xilinx/Vivado_HLS/2016.3/common/technology/generic/autopilot/op.gen 
@I [HLS-100] Command     ap_source returned 0; 0 sec.
@I [HLS-100] Execute     source C:/Xilinx/Vivado_HLS/2016.3/common/technology/generic/autopilot/op_simcore.gen 
@I [HLS-100] Command     ap_source returned 0; 0.001 sec.
@I [HLS-100] Execute     source C:/Xilinx/Vivado_HLS/2016.3/common/technology/generic/autopilot/interface.gen 
@I [HLS-100] Command     ap_source returned 0; 0 sec.
@I [HLS-100] Execute     source W:/Desktop/kmeans/kmeans/solution1/.autopilot/db/global.setting.tcl 
@I [HLS-100] Command     ap_source returned 0; 0.001 sec.
@I [HLS-100] Execute     source C:/Xilinx/Vivado_HLS/2016.3/common/technology/xilinx/zynq/zynq.gen 
@I [HLS-100] Execute       source C:/Xilinx/Vivado_HLS/2016.3/common/technology/xilinx/common/virtex.gen 
@I [HLS-100] Execute         source C:/Xilinx/Vivado_HLS/2016.3/common/technology/xilinx/common/xilinx.gen 
@I [HLS-100] Execute           source C:/Xilinx/Vivado_HLS/2016.3/common/technology/xilinx/interface/plb46.gen 
@I [HLS-100] Command           ap_source returned 0; 0.001 sec.
@I [HLS-100] Execute           source C:/Xilinx/Vivado_HLS/2016.3/common/technology/xilinx/interface/fsl.gen 
@I [HLS-100] Command           ap_source returned 0; 0.001 sec.
@I [HLS-100] Execute           source C:/Xilinx/Vivado_HLS/2016.3/common/technology/xilinx/interface/axi4.gen 
@I [HLS-100] Command           ap_source returned 0; 0.002 sec.
@I [HLS-100] Execute           source C:/Xilinx/Vivado_HLS/2016.3/common/technology/xilinx/interface/nativeAXI4.gen 
@I [HLS-100] Execute             source C:/Xilinx/Vivado_HLS/2016.3/common/technology/xilinx/interface/saxilite.gen 
@I [HLS-100] Command             ap_source returned 0; 0.004 sec.
@I [HLS-100] Execute             source C:/Xilinx/Vivado_HLS/2016.3/common/technology/xilinx/interface/maxi.gen 
@I [HLS-100] Command             ap_source returned 0; 0.008 sec.
@I [HLS-100] Command           ap_source returned 0; 0.012 sec.
@I [HLS-100] Execute           source C:/Xilinx/Vivado_HLS/2016.3/common/technology/xilinx/scripts/xilinxcoregen.gen 
@I [HLS-100] Command           ap_source returned 0; 0.009 sec.
@I [HLS-100] Execute           source C:/Xilinx/Vivado_HLS/2016.3/common/technology/xilinx/interface/XilEDKCoreGen.gen 
@I [HLS-100] Command           ap_source returned 0; 0.008 sec.
@I [HLS-100] Execute           source C:/Xilinx/Vivado_HLS/2016.3/common/technology/xilinx/ip/dds_compiler.gen 
@I [HLS-100] Command           ap_source returned 0; 0.003 sec.
@I [HLS-100] Execute           source C:/Xilinx/Vivado_HLS/2016.3/common/technology/xilinx/ip/util.gen 
@I [HLS-100] Command           ap_source returned 0; 0 sec.
@I [HLS-100] Execute           source C:/Xilinx/Vivado_HLS/2016.3/common/technology/xilinx/ip/xfft.gen 
@I [HLS-100] Command           ap_source returned 0; 0.097 sec.
@I [HLS-100] Execute           source C:/Xilinx/Vivado_HLS/2016.3/common/technology/xilinx/ip/xfir.gen 
@I [HLS-100] Command           ap_source returned 0; 0.001 sec.
@I [HLS-100] Command         ap_source returned 0; 0.135 sec.
@I [HLS-100] Execute         source C:/Xilinx/Vivado_HLS/2016.3/common/technology/xilinx/common/dsp48.gen 
@I [HLS-100] Command         ap_source returned 0; 0 sec.
@I [HLS-100] Command       ap_source returned 0; 0.138 sec.
@I [HLS-100] Command     ap_source returned 0; 0.138 sec.
@I [HLS-100] Execute     source C:/Xilinx/Vivado_HLS/2016.3/common/technology/xilinx/zynq/zynq_fpv6.gen 
@I [HLS-100] Execute       source C:/Xilinx/Vivado_HLS/2016.3/common/technology/xilinx/common/xilinx_fpv6.gen 
@I [HLS-100] Command       ap_source returned 0; 0.001 sec.
@I [HLS-100] Command     ap_source returned 0; 0.002 sec.
@I [HLS-100] Execute     source W:/Desktop/kmeans/kmeans/solution1/.autopilot/db/global.setting.tcl 
@I [HLS-100] Command     ap_source returned 0; 0.002 sec.
@I [HLS-100] Execute     source W:/Desktop/kmeans/kmeans/solution1/.autopilot/db/global.setting.tcl 
@I [HLS-100] Command     ap_source returned 0; 0.001 sec.
@I [HLS-100] Execute     source W:/Desktop/kmeans/kmeans/solution1/.autopilot/db/global.setting.tcl 
@I [HLS-100] Command     ap_source returned 0; 0.005 sec.
@I [HLS-100] Execute     source C:/Xilinx/Vivado_HLS/2016.3/common/technology/generic/autopilot/common.gen 
@I [HLS-100] Execute       source C:/Xilinx/Vivado_HLS/2016.3/common/technology/generic/autopilot/APCoreGen.gen 
@I [HLS-100] Command       ap_source returned 0; 0 sec.
@I [HLS-100] Command     ap_source returned 0; 0.002 sec.
@I [HLS-100] Execute     source C:/Xilinx/Vivado_HLS/2016.3/common/technology/generic/autopilot/op.gen 
@I [HLS-100] Command     ap_source returned 0; 0 sec.
@I [HLS-100] Execute     source C:/Xilinx/Vivado_HLS/2016.3/common/technology/generic/autopilot/op_simcore.gen 
@I [HLS-100] Command     ap_source returned 0; 0.001 sec.
@I [HLS-100] Execute     source C:/Xilinx/Vivado_HLS/2016.3/common/technology/generic/autopilot/interface.gen 
@I [HLS-100] Command     ap_source returned 0; 0 sec.
@I [HLS-100] Execute     source W:/Desktop/kmeans/kmeans/solution1/.autopilot/db/global.setting.tcl 
@I [HLS-100] Command     ap_source returned 0; 0.006 sec.
@I [HLS-100] Execute     source C:/Xilinx/Vivado_HLS/2016.3/common/technology/xilinx/zynq/zynq.gen 
@I [HLS-100] Execute       source C:/Xilinx/Vivado_HLS/2016.3/common/technology/xilinx/common/virtex.gen 
@I [HLS-100] Execute         source C:/Xilinx/Vivado_HLS/2016.3/common/technology/xilinx/common/xilinx.gen 
@I [HLS-100] Execute           source C:/Xilinx/Vivado_HLS/2016.3/common/technology/xilinx/interface/plb46.gen 
@I [HLS-100] Command           ap_source returned 0; 0.001 sec.
@I [HLS-100] Execute           source C:/Xilinx/Vivado_HLS/2016.3/common/technology/xilinx/interface/fsl.gen 
@I [HLS-100] Command           ap_source returned 0; 0.001 sec.
@I [HLS-100] Execute           source C:/Xilinx/Vivado_HLS/2016.3/common/technology/xilinx/interface/axi4.gen 
@I [HLS-100] Command           ap_source returned 0; 0.002 sec.
@I [HLS-100] Execute           source C:/Xilinx/Vivado_HLS/2016.3/common/technology/xilinx/interface/nativeAXI4.gen 
@I [HLS-100] Execute             source C:/Xilinx/Vivado_HLS/2016.3/common/technology/xilinx/interface/saxilite.gen 
@I [HLS-100] Command             ap_source returned 0; 0.004 sec.
@I [HLS-100] Execute             source C:/Xilinx/Vivado_HLS/2016.3/common/technology/xilinx/interface/maxi.gen 
@I [HLS-100] Command             ap_source returned 0; 0.007 sec.
@I [HLS-100] Command           ap_source returned 0; 0.012 sec.
@I [HLS-100] Execute           source C:/Xilinx/Vivado_HLS/2016.3/common/technology/xilinx/scripts/xilinxcoregen.gen 
@I [HLS-100] Command           ap_source returned 0; 0.009 sec.
@I [HLS-100] Execute           source C:/Xilinx/Vivado_HLS/2016.3/common/technology/xilinx/interface/XilEDKCoreGen.gen 
@I [HLS-100] Command           ap_source returned 0; 0.008 sec.
@I [HLS-100] Execute           source C:/Xilinx/Vivado_HLS/2016.3/common/technology/xilinx/ip/dds_compiler.gen 
@I [HLS-100] Command           ap_source returned 0; 0.003 sec.
@I [HLS-100] Execute           source C:/Xilinx/Vivado_HLS/2016.3/common/technology/xilinx/ip/util.gen 
@I [HLS-100] Command           ap_source returned 0; 0 sec.
@I [HLS-100] Execute           source C:/Xilinx/Vivado_HLS/2016.3/common/technology/xilinx/ip/xfft.gen 
@I [HLS-100] Command           ap_source returned 0; 0.096 sec.
@I [HLS-100] Execute           source C:/Xilinx/Vivado_HLS/2016.3/common/technology/xilinx/ip/xfir.gen 
@I [HLS-100] Command           ap_source returned 0; 0.001 sec.
@I [HLS-100] Command         ap_source returned 0; 0.134 sec.
@I [HLS-100] Execute         source C:/Xilinx/Vivado_HLS/2016.3/common/technology/xilinx/common/dsp48.gen 
@I [HLS-100] Command         ap_source returned 0; 0.001 sec.
@I [HLS-100] Command       ap_source returned 0; 0.137 sec.
@I [HLS-100] Command     ap_source returned 0; 0.137 sec.
@I [HLS-100] Execute     source C:/Xilinx/Vivado_HLS/2016.3/common/technology/xilinx/zynq/zynq_fpv6.gen 
@I [HLS-100] Execute       source C:/Xilinx/Vivado_HLS/2016.3/common/technology/xilinx/common/xilinx_fpv6.gen 
@I [HLS-100] Command       ap_source returned 0; 0.002 sec.
@I [HLS-100] Command     ap_source returned 0; 0.002 sec.
@I [HLS-100] Execute     source W:/Desktop/kmeans/kmeans/solution1/.autopilot/db/global.setting.tcl 
@I [HLS-100] Command     ap_source returned 0; 0.167 sec.
@I [HLS-100] Execute     source W:/Desktop/kmeans/kmeans/solution1/.autopilot/db/global.setting.tcl 
@I [HLS-100] Command     ap_source returned 0; 0.151 sec.
@I [HLS-100] Execute     source W:/Desktop/kmeans/kmeans/solution1/.autopilot/db/kmeans.compgen.tcl 
@I [HLS-100] Command     ap_source returned 0; 0.003 sec.
@I [HLS-100] Execute     source W:/Desktop/kmeans/kmeans/solution1/.autopilot/db/global.setting.tcl 
@I [HLS-100] Command     ap_source returned 0; 0.006 sec.
@I [HLS-100] Execute     source W:/Desktop/kmeans/kmeans/solution1/.autopilot/db/kmeans.constraint.tcl 
@I [HLS-100] Command     ap_source returned 0; 0.005 sec.
@I [HLS-100] Execute     source W:/Desktop/kmeans/kmeans/solution1/.autopilot/db/global.setting.tcl 
@I [HLS-100] Command     ap_source returned 0; 0.005 sec.
@I [HLS-100] Execute     source C:/Xilinx/Vivado_HLS/2016.3/common/technology/generic/autopilot/common.gen 
@I [HLS-100] Execute       source C:/Xilinx/Vivado_HLS/2016.3/common/technology/generic/autopilot/APCoreGen.gen 
@I [HLS-100] Command       ap_source returned 0; 0 sec.
@I [HLS-100] Command     ap_source returned 0; 0.002 sec.
@I [HLS-100] Execute     source C:/Xilinx/Vivado_HLS/2016.3/common/technology/generic/autopilot/op.gen 
@I [HLS-100] Command     ap_source returned 0; 0 sec.
@I [HLS-100] Execute     source C:/Xilinx/Vivado_HLS/2016.3/common/technology/generic/autopilot/op_simcore.gen 
@I [HLS-100] Command     ap_source returned 0; 0.001 sec.
@I [HLS-100] Execute     source C:/Xilinx/Vivado_HLS/2016.3/common/technology/generic/autopilot/interface.gen 
@I [HLS-100] Command     ap_source returned 0; 0 sec.
@I [HLS-100] Execute     source W:/Desktop/kmeans/kmeans/solution1/.autopilot/db/global.setting.tcl 
@I [HLS-100] Command     ap_source returned 0; 0.006 sec.
@I [HLS-100] Execute     source C:/Xilinx/Vivado_HLS/2016.3/common/technology/xilinx/zynq/zynq.gen 
@I [HLS-100] Execute       source C:/Xilinx/Vivado_HLS/2016.3/common/technology/xilinx/common/virtex.gen 
@I [HLS-100] Execute         source C:/Xilinx/Vivado_HLS/2016.3/common/technology/xilinx/common/xilinx.gen 
@I [HLS-100] Execute           source C:/Xilinx/Vivado_HLS/2016.3/common/technology/xilinx/interface/plb46.gen 
@I [HLS-100] Command           ap_source returned 0; 0.001 sec.
@I [HLS-100] Execute           source C:/Xilinx/Vivado_HLS/2016.3/common/technology/xilinx/interface/fsl.gen 
@I [HLS-100] Command           ap_source returned 0; 0 sec.
@I [HLS-100] Execute           source C:/Xilinx/Vivado_HLS/2016.3/common/technology/xilinx/interface/axi4.gen 
@I [HLS-100] Command           ap_source returned 0; 0.002 sec.
@I [HLS-100] Execute           source C:/Xilinx/Vivado_HLS/2016.3/common/technology/xilinx/interface/nativeAXI4.gen 
@I [HLS-100] Execute             source C:/Xilinx/Vivado_HLS/2016.3/common/technology/xilinx/interface/saxilite.gen 
@I [HLS-100] Command             ap_source returned 0; 0.003 sec.
@I [HLS-100] Execute             source C:/Xilinx/Vivado_HLS/2016.3/common/technology/xilinx/interface/maxi.gen 
@I [HLS-100] Command             ap_source returned 0; 0.008 sec.
@I [HLS-100] Command           ap_source returned 0; 0.013 sec.
@I [HLS-100] Execute           source C:/Xilinx/Vivado_HLS/2016.3/common/technology/xilinx/scripts/xilinxcoregen.gen 
@I [HLS-100] Command           ap_source returned 0; 0.009 sec.
@I [HLS-100] Execute           source C:/Xilinx/Vivado_HLS/2016.3/common/technology/xilinx/interface/XilEDKCoreGen.gen 
@I [HLS-100] Command           ap_source returned 0; 0.009 sec.
@I [HLS-100] Execute           source C:/Xilinx/Vivado_HLS/2016.3/common/technology/xilinx/ip/dds_compiler.gen 
@I [HLS-100] Command           ap_source returned 0; 0.003 sec.
@I [HLS-100] Execute           source C:/Xilinx/Vivado_HLS/2016.3/common/technology/xilinx/ip/util.gen 
@I [HLS-100] Command           ap_source returned 0; 0 sec.
@I [HLS-100] Execute           source C:/Xilinx/Vivado_HLS/2016.3/common/technology/xilinx/ip/xfft.gen 
@I [HLS-100] Command           ap_source returned 0; 0.097 sec.
@I [HLS-100] Execute           source C:/Xilinx/Vivado_HLS/2016.3/common/technology/xilinx/ip/xfir.gen 
@I [HLS-100] Command           ap_source returned 0; 0.001 sec.
@I [HLS-100] Command         ap_source returned 0; 0.135 sec.
@I [HLS-100] Execute         source C:/Xilinx/Vivado_HLS/2016.3/common/technology/xilinx/common/dsp48.gen 
@I [HLS-100] Command         ap_source returned 0; 0 sec.
@I [HLS-100] Command       ap_source returned 0; 0.137 sec.
@I [HLS-100] Command     ap_source returned 0; 0.137 sec.
@I [HLS-100] Execute     source C:/Xilinx/Vivado_HLS/2016.3/common/technology/xilinx/zynq/zynq_fpv6.gen 
@I [HLS-100] Execute       source C:/Xilinx/Vivado_HLS/2016.3/common/technology/xilinx/common/xilinx_fpv6.gen 
@I [HLS-100] Command       ap_source returned 0; 0.002 sec.
@I [HLS-100] Command     ap_source returned 0; 0.002 sec.
@I [HLS-100] Execute     source W:/Desktop/kmeans/kmeans/solution1/.autopilot/db/global.setting.tcl 
@I [HLS-100] Command     ap_source returned 0; 0.005 sec.
@I [HLS-100] Execute     source W:/Desktop/kmeans/kmeans/solution1/.autopilot/db/global.setting.tcl 
@I [HLS-100] Command     ap_source returned 0; 0.226 sec.
@I [HLS-100] Execute     source C:/Xilinx/Vivado_HLS/2016.3/common/technology/generic/autopilot/common.gen 
@I [HLS-100] Execute       source C:/Xilinx/Vivado_HLS/2016.3/common/technology/generic/autopilot/APCoreGen.gen 
@I [HLS-100] Command       ap_source returned 0; 0.001 sec.
@I [HLS-100] Command     ap_source returned 0; 0.001 sec.
@I [HLS-100] Execute     source C:/Xilinx/Vivado_HLS/2016.3/common/technology/generic/autopilot/op.gen 
@I [HLS-100] Command     ap_source returned 0; 0.001 sec.
@I [HLS-100] Execute     source C:/Xilinx/Vivado_HLS/2016.3/common/technology/generic/autopilot/op_simcore.gen 
@I [HLS-100] Command     ap_source returned 0; 0.001 sec.
@I [HLS-100] Execute     source C:/Xilinx/Vivado_HLS/2016.3/common/technology/generic/autopilot/interface.gen 
@I [HLS-100] Command     ap_source returned 0; 0 sec.
@I [HLS-100] Execute     source W:/Desktop/kmeans/kmeans/solution1/.autopilot/db/global.setting.tcl 
@I [HLS-100] Command     ap_source returned 0; 0.173 sec.
@I [HLS-100] Execute     source C:/Xilinx/Vivado_HLS/2016.3/common/technology/xilinx/zynq/zynq.gen 
@I [HLS-100] Execute       source C:/Xilinx/Vivado_HLS/2016.3/common/technology/xilinx/common/virtex.gen 
@I [HLS-100] Execute         source C:/Xilinx/Vivado_HLS/2016.3/common/technology/xilinx/common/xilinx.gen 
@I [HLS-100] Execute           source C:/Xilinx/Vivado_HLS/2016.3/common/technology/xilinx/interface/plb46.gen 
@I [HLS-100] Command           ap_source returned 0; 0.001 sec.
@I [HLS-100] Execute           source C:/Xilinx/Vivado_HLS/2016.3/common/technology/xilinx/interface/fsl.gen 
@I [HLS-100] Command           ap_source returned 0; 0 sec.
@I [HLS-100] Execute           source C:/Xilinx/Vivado_HLS/2016.3/common/technology/xilinx/interface/axi4.gen 
@I [HLS-100] Command           ap_source returned 0; 0.002 sec.
@I [HLS-100] Execute           source C:/Xilinx/Vivado_HLS/2016.3/common/technology/xilinx/interface/nativeAXI4.gen 
@I [HLS-100] Execute             source C:/Xilinx/Vivado_HLS/2016.3/common/technology/xilinx/interface/saxilite.gen 
@I [HLS-100] Command             ap_source returned 0; 0.004 sec.
@I [HLS-100] Execute             source C:/Xilinx/Vivado_HLS/2016.3/common/technology/xilinx/interface/maxi.gen 
@I [HLS-100] Command             ap_source returned 0; 0.007 sec.
@I [HLS-100] Command           ap_source returned 0; 0.012 sec.
@I [HLS-100] Execute           source C:/Xilinx/Vivado_HLS/2016.3/common/technology/xilinx/scripts/xilinxcoregen.gen 
@I [HLS-100] Command           ap_source returned 0; 0.01 sec.
@I [HLS-100] Execute           source C:/Xilinx/Vivado_HLS/2016.3/common/technology/xilinx/interface/XilEDKCoreGen.gen 
@I [HLS-100] Command           ap_source returned 0; 0.008 sec.
@I [HLS-100] Execute           source C:/Xilinx/Vivado_HLS/2016.3/common/technology/xilinx/ip/dds_compiler.gen 
@I [HLS-100] Command           ap_source returned 0; 0.003 sec.
@I [HLS-100] Execute           source C:/Xilinx/Vivado_HLS/2016.3/common/technology/xilinx/ip/util.gen 
@I [HLS-100] Command           ap_source returned 0; 0 sec.
@I [HLS-100] Execute           source C:/Xilinx/Vivado_HLS/2016.3/common/technology/xilinx/ip/xfft.gen 
@I [HLS-100] Command           ap_source returned 0; 0.098 sec.
@I [HLS-100] Execute           source C:/Xilinx/Vivado_HLS/2016.3/common/technology/xilinx/ip/xfir.gen 
@I [HLS-100] Command           ap_source returned 0; 0.001 sec.
@I [HLS-100] Command         ap_source returned 0; 0.137 sec.
@I [HLS-100] Execute         source C:/Xilinx/Vivado_HLS/2016.3/common/technology/xilinx/common/dsp48.gen 
@I [HLS-100] Command         ap_source returned 0; 0.001 sec.
@I [HLS-100] Command       ap_source returned 0; 0.139 sec.
@I [HLS-100] Command     ap_source returned 0; 0.139 sec.
@I [HLS-100] Execute     source C:/Xilinx/Vivado_HLS/2016.3/common/technology/xilinx/zynq/zynq_fpv6.gen 
@I [HLS-100] Execute       source C:/Xilinx/Vivado_HLS/2016.3/common/technology/xilinx/common/xilinx_fpv6.gen 
@I [HLS-100] Command       ap_source returned 0; 0.002 sec.
@I [HLS-100] Command     ap_source returned 0; 0.002 sec.
@I [HLS-100] Execute     source W:/Desktop/kmeans/kmeans/solution1/.autopilot/db/global.setting.tcl 
@I [HLS-100] Command     ap_source returned 0; 0.184 sec.
@I [HLS-100] Execute     source W:/Desktop/kmeans/kmeans/solution1/.autopilot/db/global.setting.tcl 
@I [HLS-100] Command     ap_source returned 0; 0.216 sec.
@I [HLS-100] Execute     source W:/Desktop/kmeans/kmeans/solution1/.autopilot/db/global.setting.tcl 
@I [HLS-100] Command     ap_source returned 0; 0.238 sec.
@I [HLS-100] Execute     source C:/Xilinx/Vivado_HLS/2016.3/common/technology/generic/autopilot/common.gen 
@I [HLS-100] Execute       source C:/Xilinx/Vivado_HLS/2016.3/common/technology/generic/autopilot/APCoreGen.gen 
@I [HLS-100] Command       ap_source returned 0; 0.001 sec.
@I [HLS-100] Command     ap_source returned 0; 0.001 sec.
@I [HLS-100] Execute     source C:/Xilinx/Vivado_HLS/2016.3/common/technology/generic/autopilot/op.gen 
@I [HLS-100] Command     ap_source returned 0; 0 sec.
@I [HLS-100] Execute     source C:/Xilinx/Vivado_HLS/2016.3/common/technology/generic/autopilot/op_simcore.gen 
@I [HLS-100] Command     ap_source returned 0; 0.001 sec.
@I [HLS-100] Execute     source C:/Xilinx/Vivado_HLS/2016.3/common/technology/generic/autopilot/interface.gen 
@I [HLS-100] Command     ap_source returned 0; 0 sec.
@I [HLS-100] Execute     source W:/Desktop/kmeans/kmeans/solution1/.autopilot/db/global.setting.tcl 
@I [HLS-100] Command     ap_source returned 0; 0.007 sec.
@I [HLS-100] Execute     source C:/Xilinx/Vivado_HLS/2016.3/common/technology/xilinx/zynq/zynq.gen 
@I [HLS-100] Execute       source C:/Xilinx/Vivado_HLS/2016.3/common/technology/xilinx/common/virtex.gen 
@I [HLS-100] Execute         source C:/Xilinx/Vivado_HLS/2016.3/common/technology/xilinx/common/xilinx.gen 
@I [HLS-100] Execute           source C:/Xilinx/Vivado_HLS/2016.3/common/technology/xilinx/interface/plb46.gen 
@I [HLS-100] Command           ap_source returned 0; 0.001 sec.
@I [HLS-100] Execute           source C:/Xilinx/Vivado_HLS/2016.3/common/technology/xilinx/interface/fsl.gen 
@I [HLS-100] Command           ap_source returned 0; 0 sec.
@I [HLS-100] Execute           source C:/Xilinx/Vivado_HLS/2016.3/common/technology/xilinx/interface/axi4.gen 
@I [HLS-100] Command           ap_source returned 0; 0.002 sec.
@I [HLS-100] Execute           source C:/Xilinx/Vivado_HLS/2016.3/common/technology/xilinx/interface/nativeAXI4.gen 
@I [HLS-100] Execute             source C:/Xilinx/Vivado_HLS/2016.3/common/technology/xilinx/interface/saxilite.gen 
@I [HLS-100] Command             ap_source returned 0; 0.004 sec.
@I [HLS-100] Execute             source C:/Xilinx/Vivado_HLS/2016.3/common/technology/xilinx/interface/maxi.gen 
@I [HLS-100] Command             ap_source returned 0; 0.008 sec.
@I [HLS-100] Command           ap_source returned 0; 0.012 sec.
@I [HLS-100] Execute           source C:/Xilinx/Vivado_HLS/2016.3/common/technology/xilinx/scripts/xilinxcoregen.gen 
@I [HLS-100] Command           ap_source returned 0; 0.009 sec.
@I [HLS-100] Execute           source C:/Xilinx/Vivado_HLS/2016.3/common/technology/xilinx/interface/XilEDKCoreGen.gen 
@I [HLS-100] Command           ap_source returned 0; 0.008 sec.
@I [HLS-100] Execute           source C:/Xilinx/Vivado_HLS/2016.3/common/technology/xilinx/ip/dds_compiler.gen 
@I [HLS-100] Command           ap_source returned 0; 0.003 sec.
@I [HLS-100] Execute           source C:/Xilinx/Vivado_HLS/2016.3/common/technology/xilinx/ip/util.gen 
@I [HLS-100] Command           ap_source returned 0; 0 sec.
@I [HLS-100] Execute           source C:/Xilinx/Vivado_HLS/2016.3/common/technology/xilinx/ip/xfft.gen 
@I [HLS-100] Command           ap_source returned 0; 0.097 sec.
@I [HLS-100] Execute           source C:/Xilinx/Vivado_HLS/2016.3/common/technology/xilinx/ip/xfir.gen 
@I [HLS-100] Command           ap_source returned 0; 0.001 sec.
@I [HLS-100] Command         ap_source returned 0; 0.135 sec.
@I [HLS-100] Execute         source C:/Xilinx/Vivado_HLS/2016.3/common/technology/xilinx/common/dsp48.gen 
@I [HLS-100] Command         ap_source returned 0; 0.001 sec.
@I [HLS-100] Command       ap_source returned 0; 0.138 sec.
@I [HLS-100] Command     ap_source returned 0; 0.138 sec.
@I [HLS-100] Execute     source C:/Xilinx/Vivado_HLS/2016.3/common/technology/xilinx/zynq/zynq_fpv6.gen 
@I [HLS-100] Execute       source C:/Xilinx/Vivado_HLS/2016.3/common/technology/xilinx/common/xilinx_fpv6.gen 
@I [HLS-100] Command       ap_source returned 0; 0.002 sec.
@I [HLS-100] Command     ap_source returned 0; 0.002 sec.
@I [HLS-100] Execute     source W:/Desktop/kmeans/kmeans/solution1/.autopilot/db/global.setting.tcl 
@I [HLS-100] Command     ap_source returned 0; 0.002 sec.
@I [HLS-100] Execute     source W:/Desktop/kmeans/kmeans/solution1/.autopilot/db/global.setting.tcl 
@I [HLS-100] Command     ap_source returned 0; 0.001 sec.
@I [HLS-100] Execute     source W:/Desktop/kmeans/kmeans/solution1/.autopilot/db/kmeans.compgen.tcl 
@I [HLS-100] Command     ap_source returned 0; 0.001 sec.
@I [HLS-100] Execute     source W:/Desktop/kmeans/kmeans/solution1/.autopilot/db/global.setting.tcl 
@I [HLS-100] Command     ap_source returned 0; 0.005 sec.
@I [HLS-100] Execute     source W:/Desktop/kmeans/kmeans/solution1/.autopilot/db/kmeans.constraint.tcl 
@I [HLS-100] Command     ap_source returned 0; 0.006 sec.
@I [HLS-100] Execute     source W:/Desktop/kmeans/kmeans/solution1/.autopilot/db/global.setting.tcl 
@I [HLS-100] Command     ap_source returned 0; 0.006 sec.
@I [HLS-100] Execute     source C:/Xilinx/Vivado_HLS/2016.3/common/technology/generic/autopilot/common.gen 
@I [HLS-100] Execute       source C:/Xilinx/Vivado_HLS/2016.3/common/technology/generic/autopilot/APCoreGen.gen 
@I [HLS-100] Command       ap_source returned 0; 0 sec.
@I [HLS-100] Command     ap_source returned 0; 0.002 sec.
@I [HLS-100] Execute     source C:/Xilinx/Vivado_HLS/2016.3/common/technology/generic/autopilot/op.gen 
@I [HLS-100] Command     ap_source returned 0; 0 sec.
@I [HLS-100] Execute     source C:/Xilinx/Vivado_HLS/2016.3/common/technology/generic/autopilot/op_simcore.gen 
@I [HLS-100] Command     ap_source returned 0; 0.001 sec.
@I [HLS-100] Execute     source C:/Xilinx/Vivado_HLS/2016.3/common/technology/generic/autopilot/interface.gen 
@I [HLS-100] Command     ap_source returned 0; 0.001 sec.
@I [HLS-100] Execute     source W:/Desktop/kmeans/kmeans/solution1/.autopilot/db/global.setting.tcl 
@I [HLS-100] Command     ap_source returned 0; 0.006 sec.
@I [HLS-100] Execute     source C:/Xilinx/Vivado_HLS/2016.3/common/technology/xilinx/zynq/zynq.gen 
@I [HLS-100] Execute       source C:/Xilinx/Vivado_HLS/2016.3/common/technology/xilinx/common/virtex.gen 
@I [HLS-100] Execute         source C:/Xilinx/Vivado_HLS/2016.3/common/technology/xilinx/common/xilinx.gen 
@I [HLS-100] Execute           source C:/Xilinx/Vivado_HLS/2016.3/common/technology/xilinx/interface/plb46.gen 
@I [HLS-100] Command           ap_source returned 0; 0.001 sec.
@I [HLS-100] Execute           source C:/Xilinx/Vivado_HLS/2016.3/common/technology/xilinx/interface/fsl.gen 
@I [HLS-100] Command           ap_source returned 0; 0 sec.
@I [HLS-100] Execute           source C:/Xilinx/Vivado_HLS/2016.3/common/technology/xilinx/interface/axi4.gen 
@I [HLS-100] Command           ap_source returned 0; 0.003 sec.
@I [HLS-100] Execute           source C:/Xilinx/Vivado_HLS/2016.3/common/technology/xilinx/interface/nativeAXI4.gen 
@I [HLS-100] Execute             source C:/Xilinx/Vivado_HLS/2016.3/common/technology/xilinx/interface/saxilite.gen 
@I [HLS-100] Command             ap_source returned 0; 0.004 sec.
@I [HLS-100] Execute             source C:/Xilinx/Vivado_HLS/2016.3/common/technology/xilinx/interface/maxi.gen 
@I [HLS-100] Command             ap_source returned 0; 0.007 sec.
@I [HLS-100] Command           ap_source returned 0; 0.011 sec.
@I [HLS-100] Execute           source C:/Xilinx/Vivado_HLS/2016.3/common/technology/xilinx/scripts/xilinxcoregen.gen 
@I [HLS-100] Command           ap_source returned 0; 0.009 sec.
@I [HLS-100] Execute           source C:/Xilinx/Vivado_HLS/2016.3/common/technology/xilinx/interface/XilEDKCoreGen.gen 
@I [HLS-100] Command           ap_source returned 0; 0.008 sec.
@I [HLS-100] Execute           source C:/Xilinx/Vivado_HLS/2016.3/common/technology/xilinx/ip/dds_compiler.gen 
@I [HLS-100] Command           ap_source returned 0; 0.003 sec.
@I [HLS-100] Execute           source C:/Xilinx/Vivado_HLS/2016.3/common/technology/xilinx/ip/util.gen 
@I [HLS-100] Command           ap_source returned 0; 0 sec.
@I [HLS-100] Execute           source C:/Xilinx/Vivado_HLS/2016.3/common/technology/xilinx/ip/xfft.gen 
@I [HLS-100] Command           ap_source returned 0; 0.096 sec.
@I [HLS-100] Execute           source C:/Xilinx/Vivado_HLS/2016.3/common/technology/xilinx/ip/xfir.gen 
@I [HLS-100] Command           ap_source returned 0; 0.001 sec.
@I [HLS-100] Command         ap_source returned 0; 0.135 sec.
@I [HLS-100] Execute         source C:/Xilinx/Vivado_HLS/2016.3/common/technology/xilinx/common/dsp48.gen 
@I [HLS-100] Command         ap_source returned 0; 0.001 sec.
@I [HLS-100] Command       ap_source returned 0; 0.137 sec.
@I [HLS-100] Command     ap_source returned 0; 0.137 sec.
@I [HLS-100] Execute     source C:/Xilinx/Vivado_HLS/2016.3/common/technology/xilinx/zynq/zynq_fpv6.gen 
@I [HLS-100] Execute       source C:/Xilinx/Vivado_HLS/2016.3/common/technology/xilinx/common/xilinx_fpv6.gen 
@I [HLS-100] Command       ap_source returned 0; 0.002 sec.
@I [HLS-100] Command     ap_source returned 0; 0.002 sec.
@I [HLS-100] Execute     source W:/Desktop/kmeans/kmeans/solution1/.autopilot/db/global.setting.tcl 
@I [HLS-100] Command     ap_source returned 0; 0.006 sec.
@I [HLS-100] Command   export_design returned 0; 43.196 sec.
@I [HLS-100] Command ap_source returned 0; 43.551 sec.
@I [HLS-100] Execute cleanup_all 
@I [HLS-100] Command cleanup_all returned 0; 0 sec.
