

================================================================
== Vivado HLS Report for 'sobel'
================================================================
* Date:           Sun Mar 29 23:31:14 2020

* Version:        2016.3 (Build 1682563 on Mon Oct 10 19:41:59 MDT 2016)
* Project:        sobel
* Solution:       solution1
* Product family: zynq
* Target device:  xc7z020clg400-3


================================================================
== Performance Estimates
================================================================
+ Timing (ns): 
    * Summary: 
    +--------+-------+----------+------------+
    |  Clock | Target| Estimated| Uncertainty|
    +--------+-------+----------+------------+
    |ap_clk  |  10.00|      8.11|        1.25|
    +--------+-------+----------+------------+

+ Latency (clock cycles): 
    * Summary: 
    +---------+---------+---------+---------+---------+
    |      Latency      |      Interval     | Pipeline|
    |   min   |   max   |   min   |   max   |   Type  |
    +---------+---------+---------+---------+---------+
    |  2714264|  2976408|  2714265|  2976409|   none  |
    +---------+---------+---------+---------+---------+

    + Detail: 
        * Instance: 
        N/A

        * Loop: 
        +-------------+---------+---------+------------+-----------+-----------+------+----------+
        |             |      Latency      |  Iteration |  Initiation Interval  | Trip |          |
        |  Loop Name  |   min   |   max   |   Latency  |  achieved |   target  | Count| Pipelined|
        +-------------+---------+---------+------------+-----------+-----------+------+----------+
        |- Loop 1     |   197120|   459264| 770 ~ 1794 |          -|          -|   256|    no    |
        | + Loop 1.1  |      768|     1792|    3 ~ 7   |          -|          -|   256|    no    |
        |- Loop 2     |   129540|   129540|         510|          -|          -|   254|    no    |
        | + Loop 2.1  |      508|      508|           2|          -|          -|   254|    no    |
        |- Loop 3     |  2387600|  2387600|        9400|          -|          -|   254|    no    |
        | + Loop 3.1  |     9398|     9398|          37|          -|          -|   254|    no    |
        +-------------+---------+---------+------------+-----------+-----------+------+----------+

============================================================
+ Verbose Summary: Synthesis Manager
============================================================
InlineROM: 1
ExposeGlobal: 0
============================================================
+ Verbose Summary: CDFG Model
============================================================
IsTopModel: 1
ResetActiveHigh: 1
IsCombinational: 0
IsDatapathOnly: 0
HasWiredReturn: 1
HasMFsm: 0
HasVarLatency: 1
IsPipeline: 0
IsRtlPipelined: 0
IsInstanceOverlapped: 0
IsDontTouch: 0
HasImplIP: 0
IsGatedGlobalClock: 0


============================================================
+ Verbose Summary: Schedule
============================================================
* Number of FSM states: 51
* Pipeline: 0
* Dataflow Pipeline: 0

* FSM state transitions: 
1 --> 
	2  / true
2 --> 
	10  / (exitcond5)
	3  / (!exitcond5)
3 --> 
	4  / (!exitcond4 & or_cond7)
	8  / (!exitcond4 & !or_cond7)
	2  / (exitcond4)
4 --> 
	5  / true
5 --> 
	6  / true
6 --> 
	7  / true
7 --> 
	8  / true
8 --> 
	9  / true
9 --> 
	3  / true
10 --> 
	11  / true
11 --> 
	12  / (!exitcond3)
	14  / (exitcond3)
12 --> 
	13  / (!exitcond2)
	11  / (exitcond2)
13 --> 
	12  / true
14 --> 
	15  / (!exitcond1)
15 --> 
	16  / (!exitcond)
	14  / (exitcond)
16 --> 
	17  / true
17 --> 
	18  / true
18 --> 
	19  / true
19 --> 
	20  / true
20 --> 
	21  / true
21 --> 
	22  / true
22 --> 
	23  / true
23 --> 
	24  / true
24 --> 
	25  / true
25 --> 
	26  / true
26 --> 
	27  / true
27 --> 
	28  / true
28 --> 
	29  / true
29 --> 
	30  / true
30 --> 
	31  / true
31 --> 
	32  / true
32 --> 
	33  / true
33 --> 
	34  / true
34 --> 
	35  / true
35 --> 
	36  / true
36 --> 
	37  / true
37 --> 
	38  / true
38 --> 
	39  / true
39 --> 
	40  / true
40 --> 
	41  / true
41 --> 
	42  / true
42 --> 
	43  / true
43 --> 
	44  / true
44 --> 
	45  / true
45 --> 
	46  / true
46 --> 
	47  / true
47 --> 
	48  / true
48 --> 
	49  / true
49 --> 
	50  / true
50 --> 
	51  / true
51 --> 
	15  / true
* FSM state operations: 

 <State 1>: 1.16ns
ST_1: StgValue_52 (3)  [1/1] 0.00ns
:0  call void (...)* @_ssdm_op_SpecBitsMap([65536 x i32]* %input_image) nounwind, !map !7

ST_1: StgValue_53 (4)  [1/1] 0.00ns
:1  call void (...)* @_ssdm_op_SpecBitsMap([65536 x i32]* %output_image) nounwind, !map !13

ST_1: StgValue_54 (5)  [1/1] 0.00ns
:2  call void (...)* @_ssdm_op_SpecTopModule([6 x i8]* @sobel_str) nounwind

ST_1: image (6)  [1/1] 0.00ns  loc: sobel.c:9
:3  %image = alloca [65536 x i32], align 4

ST_1: image_addr (7)  [1/1] 0.00ns  loc: sobel.c:53
:4  %image_addr = getelementptr [65536 x i32]* %image, i32 0, i32 257

ST_1: StgValue_57 (8)  [1/1] 1.16ns  loc: sobel.c:20
:5  br label %.loopexit


 <State 2>: 2.46ns
ST_2: i (10)  [1/1] 0.00ns
.loopexit:0  %i = phi i9 [ 0, %0 ], [ %i_1, %.loopexit.loopexit ]

ST_2: tmp_s (11)  [1/1] 0.00ns  loc: sobel.c:26
.loopexit:1  %tmp_s = call i17 @_ssdm_op_BitConcatenate.i17.i9.i8(i9 %i, i8 0)

ST_2: tmp_3 (12)  [1/1] 0.00ns  loc: sobel.c:26
.loopexit:2  %tmp_3 = zext i17 %tmp_s to i32

ST_2: tmp_26_cast (13)  [1/1] 0.00ns  loc: sobel.c:43
.loopexit:3  %tmp_26_cast = zext i17 %tmp_s to i18

ST_2: output_image_addr_3 (14)  [1/1] 0.00ns  loc: sobel.c:43
.loopexit:4  %output_image_addr_3 = getelementptr [65536 x i32]* %output_image, i32 0, i32 %tmp_3

ST_2: tmp_10 (15)  [1/1] 0.00ns  loc: sobel.c:26
.loopexit:5  %tmp_10 = or i17 %tmp_s, 255

ST_2: tmp_15 (16)  [1/1] 0.00ns  loc: sobel.c:47
.loopexit:6  %tmp_15 = call i32 @_ssdm_op_BitConcatenate.i32.i15.i17(i15 0, i17 %tmp_10)

ST_2: output_image_addr_4 (17)  [1/1] 0.00ns  loc: sobel.c:47
.loopexit:7  %output_image_addr_4 = getelementptr [65536 x i32]* %output_image, i32 0, i32 %tmp_15

ST_2: exitcond5 (18)  [1/1] 1.42ns  loc: sobel.c:20
.loopexit:8  %exitcond5 = icmp eq i9 %i, -256

ST_2: empty (19)  [1/1] 0.00ns
.loopexit:9  %empty = call i32 (...)* @_ssdm_op_SpecLoopTripCount(i64 256, i64 256, i64 256) nounwind

ST_2: i_1 (20)  [1/1] 1.43ns  loc: sobel.c:26
.loopexit:10  %i_1 = add i9 %i, 1

ST_2: StgValue_69 (21)  [1/1] 0.00ns  loc: sobel.c:20
.loopexit:11  br i1 %exitcond5, label %7, label %.preheader10.preheader

ST_2: tmp (23)  [1/1] 1.42ns  loc: sobel.c:24
.preheader10.preheader:0  %tmp = icmp ne i9 %i, 0

ST_2: tmp_1 (24)  [1/1] 1.42ns  loc: sobel.c:24
.preheader10.preheader:1  %tmp_1 = icmp ult i9 %i, 255

ST_2: tmp_16 (25)  [1/1] 0.00ns  loc: sobel.c:26
.preheader10.preheader:2  %tmp_16 = call i17 @_ssdm_op_BitConcatenate.i17.i9.i8(i9 %i_1, i8 0)

ST_2: tmp_30_cast (26)  [1/1] 0.00ns  loc: sobel.c:20
.preheader10.preheader:3  %tmp_30_cast = zext i17 %tmp_16 to i18

ST_2: tmp_4 (27)  [1/1] 1.42ns  loc: sobel.c:32
.preheader10.preheader:4  %tmp_4 = icmp eq i9 %i, 0

ST_2: tmp_5 (28)  [1/1] 1.42ns  loc: sobel.c:36
.preheader10.preheader:5  %tmp_5 = icmp eq i9 %i, 255

ST_2: sum (29)  [1/1] 1.43ns  loc: sobel.c:26
.preheader10.preheader:6  %sum = add i9 %i, -1

ST_2: tmp_25 (30)  [1/1] 0.00ns  loc: sobel.c:26
.preheader10.preheader:7  %tmp_25 = call i17 @_ssdm_op_BitConcatenate.i17.i9.i8(i9 %sum, i8 0)

ST_2: tmp_32_cast (31)  [1/1] 0.00ns  loc: sobel.c:24
.preheader10.preheader:8  %tmp_32_cast = sext i17 %tmp_25 to i18

ST_2: tmp1 (32)  [1/1] 1.04ns  loc: sobel.c:24
.preheader10.preheader:9  %tmp1 = and i1 %tmp, %tmp_1

ST_2: StgValue_80 (33)  [1/1] 1.16ns  loc: sobel.c:22
.preheader10.preheader:10  br label %.preheader10

ST_2: min (142)  [1/1] 0.00ns
:0  %min = alloca i32

ST_2: min_1 (143)  [1/1] 0.00ns
:1  %min_1 = alloca i32

ST_2: max_1 (144)  [2/2] 2.10ns  loc: sobel.c:53
:2  %max_1 = load i32* %image_addr, align 4


 <State 3>: 5.16ns
ST_3: j (35)  [1/1] 0.00ns
.preheader10:0  %j = phi i9 [ %j_1, %._crit_edge19 ], [ 0, %.preheader10.preheader ]

ST_3: j_cast8 (36)  [1/1] 0.00ns  loc: sobel.c:22
.preheader10:1  %j_cast8 = zext i9 %j to i32

ST_3: j_cast8_cast1 (37)  [1/1] 0.00ns  loc: sobel.c:26
.preheader10:2  %j_cast8_cast1 = zext i9 %j to i17

ST_3: j_cast8_cast (38)  [1/1] 0.00ns  loc: sobel.c:26
.preheader10:3  %j_cast8_cast = zext i9 %j to i18

ST_3: tmp_26 (39)  [1/1] 1.63ns  loc: sobel.c:26
.preheader10:4  %tmp_26 = add i18 %tmp_32_cast, %j_cast8_cast

ST_3: tmp_33_cast (40)  [1/1] 0.00ns  loc: sobel.c:26
.preheader10:5  %tmp_33_cast = sext i18 %tmp_26 to i32

ST_3: input_image_addr_1 (41)  [1/1] 0.00ns  loc: sobel.c:26
.preheader10:6  %input_image_addr_1 = getelementptr [65536 x i32]* %input_image, i32 0, i32 %tmp_33_cast

ST_3: tmp_27 (42)  [1/1] 1.63ns  loc: sobel.c:26
.preheader10:7  %tmp_27 = add i18 %tmp_30_cast, %j_cast8_cast

ST_3: tmp_34_cast (43)  [1/1] 0.00ns  loc: sobel.c:26
.preheader10:8  %tmp_34_cast = zext i18 %tmp_27 to i32

ST_3: input_image_addr_6 (44)  [1/1] 0.00ns  loc: sobel.c:26
.preheader10:9  %input_image_addr_6 = getelementptr [65536 x i32]* %input_image, i32 0, i32 %tmp_34_cast

ST_3: output_image_addr (45)  [1/1] 0.00ns  loc: sobel.c:34
.preheader10:10  %output_image_addr = getelementptr [65536 x i32]* %output_image, i32 0, i32 %j_cast8

ST_3: tmp_28 (46)  [1/1] 1.63ns  loc: sobel.c:38
.preheader10:11  %tmp_28 = add i17 %j_cast8_cast1, 65280

ST_3: tmp_35_cast (47)  [1/1] 0.00ns  loc: sobel.c:38
.preheader10:12  %tmp_35_cast = zext i17 %tmp_28 to i32

ST_3: output_image_addr_2 (48)  [1/1] 0.00ns  loc: sobel.c:38
.preheader10:13  %output_image_addr_2 = getelementptr [65536 x i32]* %output_image, i32 0, i32 %tmp_35_cast

ST_3: tmp_29 (49)  [1/1] 1.63ns  loc: sobel.c:29
.preheader10:14  %tmp_29 = add i18 %tmp_26_cast, %j_cast8_cast

ST_3: tmp_36_cast (50)  [1/1] 0.00ns  loc: sobel.c:29
.preheader10:15  %tmp_36_cast = zext i18 %tmp_29 to i32

ST_3: image_addr_1 (51)  [1/1] 0.00ns  loc: sobel.c:29
.preheader10:16  %image_addr_1 = getelementptr [65536 x i32]* %image, i32 0, i32 %tmp_36_cast

ST_3: exitcond4 (52)  [1/1] 1.42ns  loc: sobel.c:22
.preheader10:17  %exitcond4 = icmp eq i9 %j, -256

ST_3: empty_3 (53)  [1/1] 0.00ns
.preheader10:18  %empty_3 = call i32 (...)* @_ssdm_op_SpecLoopTripCount(i64 256, i64 256, i64 256) nounwind

ST_3: j_1 (54)  [1/1] 1.43ns  loc: sobel.c:22
.preheader10:19  %j_1 = add i9 %j, 1

ST_3: StgValue_104 (55)  [1/1] 0.00ns  loc: sobel.c:22
.preheader10:20  br i1 %exitcond4, label %.loopexit.loopexit, label %1

ST_3: tmp_7 (57)  [1/1] 1.42ns  loc: sobel.c:24
:0  %tmp_7 = icmp ne i9 %j, 0

ST_3: tmp_8 (58)  [1/1] 1.42ns  loc: sobel.c:24
:1  %tmp_8 = icmp ult i9 %j, 255

ST_3: tmp2 (59)  [1/1] 0.00ns  loc: sobel.c:24 (grouped into LUT with out node or_cond7)
:2  %tmp2 = and i1 %tmp_7, %tmp_8

ST_3: or_cond7 (60)  [1/1] 1.04ns  loc: sobel.c:24 (out node of the LUT)
:3  %or_cond7 = and i1 %tmp2, %tmp1

ST_3: StgValue_109 (61)  [1/1] 0.00ns  loc: sobel.c:24
:4  br i1 %or_cond7, label %2, label %._crit_edge

ST_3: tmp_9 (63)  [1/1] 1.43ns  loc: sobel.c:26
:0  %tmp_9 = add i9 -1, %j

ST_3: tmp_9_cast_cast (64)  [1/1] 0.00ns  loc: sobel.c:26
:1  %tmp_9_cast_cast = zext i9 %tmp_9 to i18

ST_3: tmp_32 (65)  [1/1] 1.63ns  loc: sobel.c:26
:2  %tmp_32 = add i18 %tmp_32_cast, %tmp_9_cast_cast

ST_3: tmp_39_cast (66)  [1/1] 0.00ns  loc: sobel.c:26
:3  %tmp_39_cast = sext i18 %tmp_32 to i32

ST_3: input_image_addr (67)  [1/1] 0.00ns  loc: sobel.c:26
:4  %input_image_addr = getelementptr [65536 x i32]* %input_image, i32 0, i32 %tmp_39_cast

ST_3: input_image_load (74)  [2/2] 2.10ns  loc: sobel.c:26
:11  %input_image_load = load i32* %input_image_addr, align 4

ST_3: input_image_load_1 (75)  [2/2] 2.10ns  loc: sobel.c:26
:12  %input_image_load_1 = load i32* %input_image_addr_1, align 4

ST_3: StgValue_117 (140)  [1/1] 0.00ns
.loopexit.loopexit:0  br label %.loopexit


 <State 4>: 3.73ns
ST_4: tmp_33 (68)  [1/1] 1.63ns  loc: sobel.c:26
:5  %tmp_33 = add i18 %tmp_26_cast, %tmp_9_cast_cast

ST_4: tmp_40_cast (69)  [1/1] 0.00ns  loc: sobel.c:26
:6  %tmp_40_cast = zext i18 %tmp_33 to i32

ST_4: input_image_addr_3 (70)  [1/1] 0.00ns  loc: sobel.c:26
:7  %input_image_addr_3 = getelementptr [65536 x i32]* %input_image, i32 0, i32 %tmp_40_cast

ST_4: tmp_34 (71)  [1/1] 1.63ns  loc: sobel.c:26
:8  %tmp_34 = add i18 %tmp_30_cast, %tmp_9_cast_cast

ST_4: input_image_load (74)  [1/2] 2.10ns  loc: sobel.c:26
:11  %input_image_load = load i32* %input_image_addr, align 4

ST_4: input_image_load_1 (75)  [1/2] 2.10ns  loc: sobel.c:26
:12  %input_image_load_1 = load i32* %input_image_addr_1, align 4

ST_4: tmp_cast_cast (76)  [1/1] 0.00ns  loc: sobel.c:26
:13  %tmp_cast_cast = zext i9 %j_1 to i18

ST_4: tmp_35 (77)  [1/1] 1.63ns  loc: sobel.c:26
:14  %tmp_35 = add i18 %tmp_32_cast, %tmp_cast_cast

ST_4: tmp_42_cast (78)  [1/1] 0.00ns  loc: sobel.c:26
:15  %tmp_42_cast = sext i18 %tmp_35 to i32

ST_4: input_image_addr_2 (79)  [1/1] 0.00ns  loc: sobel.c:26
:16  %input_image_addr_2 = getelementptr [65536 x i32]* %input_image, i32 0, i32 %tmp_42_cast

ST_4: tmp_36 (80)  [1/1] 1.63ns  loc: sobel.c:26
:17  %tmp_36 = add i18 %tmp_26_cast, %tmp_cast_cast

ST_4: tmp_37 (83)  [1/1] 1.63ns  loc: sobel.c:26
:20  %tmp_37 = add i18 %tmp_30_cast, %tmp_cast_cast

ST_4: input_image_load_2 (86)  [2/2] 2.10ns  loc: sobel.c:26
:23  %input_image_load_2 = load i32* %input_image_addr_2, align 4

ST_4: input_image_load_3 (87)  [2/2] 2.10ns  loc: sobel.c:26
:24  %input_image_load_3 = load i32* %input_image_addr_3, align 4


 <State 5>: 2.10ns
ST_5: tmp_41_cast (72)  [1/1] 0.00ns  loc: sobel.c:26
:9  %tmp_41_cast = zext i18 %tmp_34 to i32

ST_5: input_image_addr_5 (73)  [1/1] 0.00ns  loc: sobel.c:26
:10  %input_image_addr_5 = getelementptr [65536 x i32]* %input_image, i32 0, i32 %tmp_41_cast

ST_5: tmp_43_cast (81)  [1/1] 0.00ns  loc: sobel.c:26
:18  %tmp_43_cast = zext i18 %tmp_36 to i32

ST_5: input_image_addr_4 (82)  [1/1] 0.00ns  loc: sobel.c:26
:19  %input_image_addr_4 = getelementptr [65536 x i32]* %input_image, i32 0, i32 %tmp_43_cast

ST_5: input_image_load_2 (86)  [1/2] 2.10ns  loc: sobel.c:26
:23  %input_image_load_2 = load i32* %input_image_addr_2, align 4

ST_5: input_image_load_3 (87)  [1/2] 2.10ns  loc: sobel.c:26
:24  %input_image_load_3 = load i32* %input_image_addr_3, align 4

ST_5: input_image_load_4 (89)  [2/2] 2.10ns  loc: sobel.c:26
:26  %input_image_load_4 = load i32* %input_image_addr_4, align 4

ST_5: input_image_load_5 (91)  [2/2] 2.10ns  loc: sobel.c:26
:28  %input_image_load_5 = load i32* %input_image_addr_5, align 4


 <State 6>: 5.19ns
ST_6: tmp_44_cast (84)  [1/1] 0.00ns  loc: sobel.c:26
:21  %tmp_44_cast = zext i18 %tmp_37 to i32

ST_6: input_image_addr_7 (85)  [1/1] 0.00ns  loc: sobel.c:26
:22  %input_image_addr_7 = getelementptr [65536 x i32]* %input_image, i32 0, i32 %tmp_44_cast

ST_6: tmp_38 (88)  [1/1] 0.00ns  loc: sobel.c:26
:25  %tmp_38 = shl i32 %input_image_load_3, 1

ST_6: input_image_load_4 (89)  [1/2] 2.10ns  loc: sobel.c:26
:26  %input_image_load_4 = load i32* %input_image_addr_4, align 4

ST_6: tmp_39 (90)  [1/1] 0.00ns  loc: sobel.c:26
:27  %tmp_39 = shl i32 %input_image_load_4, 1

ST_6: input_image_load_5 (91)  [1/2] 2.10ns  loc: sobel.c:26
:28  %input_image_load_5 = load i32* %input_image_addr_5, align 4

ST_6: input_image_load_6 (92)  [2/2] 2.10ns  loc: sobel.c:26
:29  %input_image_load_6 = load i32* %input_image_addr_6, align 4

ST_6: input_image_load_7 (93)  [2/2] 2.10ns  loc: sobel.c:26
:30  %input_image_load_7 = load i32* %input_image_addr_7, align 4

ST_6: tmp_11 (94)  [1/1] 1.93ns  loc: sobel.c:26
:31  %tmp_11 = sub i32 %input_image_load_2, %input_image_load

ST_6: tmp_12 (95)  [1/1] 1.63ns  loc: sobel.c:26
:32  %tmp_12 = sub i32 %tmp_11, %tmp_38

ST_6: tmp_13 (96)  [1/1] 1.63ns  loc: sobel.c:26
:33  %tmp_13 = add i32 %tmp_39, %tmp_12

ST_6: tmp_40 (99)  [1/1] 0.00ns  loc: sobel.c:27 (grouped into LUT with out node tmp3)
:36  %tmp_40 = shl i32 %input_image_load_1, 1

ST_6: tmp3 (101)  [1/1] 1.93ns  loc: sobel.c:27 (out node of the LUT)
:38  %tmp3 = add i32 %tmp_40, %input_image_load_2

ST_6: tmp_17 (102)  [1/1] 1.63ns  loc: sobel.c:27
:39  %tmp_17 = add i32 %input_image_load, %tmp3

ST_6: tmp_18 (103)  [1/1] 1.63ns  loc: sobel.c:27
:40  %tmp_18 = sub i32 %tmp_17, %input_image_load_5


 <State 7>: 5.36ns
ST_7: input_image_load_6 (92)  [1/2] 2.10ns  loc: sobel.c:26
:29  %input_image_load_6 = load i32* %input_image_addr_6, align 4

ST_7: input_image_load_7 (93)  [1/2] 2.10ns  loc: sobel.c:26
:30  %input_image_load_7 = load i32* %input_image_addr_7, align 4

ST_7: tmp_14 (97)  [1/1] 1.63ns  loc: sobel.c:26
:34  %tmp_14 = sub i32 %tmp_13, %input_image_load_5

ST_7: x_dir (98)  [1/1] 1.63ns  loc: sobel.c:26
:35  %x_dir = add i32 %tmp_14, %input_image_load_7

ST_7: tmp_41 (100)  [1/1] 0.00ns  loc: sobel.c:27
:37  %tmp_41 = shl i32 %input_image_load_6, 1

ST_7: tmp_19 (104)  [1/1] 1.63ns  loc: sobel.c:27
:41  %tmp_19 = sub i32 %tmp_18, %tmp_41

ST_7: y_dir (105)  [1/1] 1.63ns  loc: sobel.c:27
:42  %y_dir = sub i32 %tmp_19, %input_image_load_7


 <State 8>: 5.96ns
ST_8: neg (106)  [1/1] 1.93ns  loc: sobel.c:26
:43  %neg = sub i32 0, %x_dir

ST_8: abscond (107)  [1/1] 1.83ns  loc: sobel.c:26
:44  %abscond = icmp sgt i32 %x_dir, 0

ST_8: abs (108)  [1/1] 0.00ns  loc: sobel.c:26 (grouped into LUT with out node edge_weight)
:45  %abs = select i1 %abscond, i32 %x_dir, i32 %neg

ST_8: neg1 (109)  [1/1] 1.93ns  loc: sobel.c:27
:46  %neg1 = sub i32 0, %y_dir

ST_8: abscond1 (110)  [1/1] 1.83ns  loc: sobel.c:27
:47  %abscond1 = icmp sgt i32 %y_dir, 0

ST_8: abs1 (111)  [1/1] 0.00ns  loc: sobel.c:27 (grouped into LUT with out node edge_weight)
:48  %abs1 = select i1 %abscond1, i32 %y_dir, i32 %neg1

ST_8: edge_weight (112)  [1/1] 1.93ns  loc: sobel.c:28 (out node of the LUT)
:49  %edge_weight = add nsw i32 %abs, %abs1

ST_8: StgValue_169 (113)  [1/1] 2.10ns  loc: sobel.c:29
:50  store i32 %edge_weight, i32* %image_addr_1, align 4

ST_8: StgValue_170 (114)  [1/1] 0.00ns  loc: sobel.c:31
:51  br label %._crit_edge

ST_8: StgValue_171 (116)  [1/1] 0.00ns  loc: sobel.c:32
._crit_edge:0  br i1 %tmp_4, label %3, label %._crit_edge16

ST_8: StgValue_172 (118)  [1/1] 2.10ns  loc: sobel.c:34
:0  store i32 0, i32* %output_image_addr, align 4

ST_8: StgValue_173 (119)  [1/1] 0.00ns  loc: sobel.c:35
:1  br label %._crit_edge16

ST_8: StgValue_174 (121)  [1/1] 0.00ns  loc: sobel.c:36
._crit_edge16:0  br i1 %tmp_5, label %4, label %._crit_edge17

ST_8: StgValue_175 (123)  [1/1] 2.10ns  loc: sobel.c:38
:0  store i32 0, i32* %output_image_addr_2, align 4

ST_8: StgValue_176 (124)  [1/1] 0.00ns  loc: sobel.c:39
:1  br label %._crit_edge17

ST_8: tmp_21 (126)  [1/1] 1.42ns  loc: sobel.c:41
._crit_edge17:0  %tmp_21 = icmp eq i9 %j, 0

ST_8: StgValue_178 (127)  [1/1] 0.00ns  loc: sobel.c:41
._crit_edge17:1  br i1 %tmp_21, label %5, label %._crit_edge18


 <State 9>: 2.10ns
ST_9: StgValue_179 (129)  [1/1] 2.10ns  loc: sobel.c:43
:0  store i32 0, i32* %output_image_addr_3, align 4

ST_9: StgValue_180 (130)  [1/1] 0.00ns  loc: sobel.c:44
:1  br label %._crit_edge18

ST_9: tmp_24 (132)  [1/1] 1.42ns  loc: sobel.c:45
._crit_edge18:0  %tmp_24 = icmp eq i9 %j, 255

ST_9: StgValue_182 (133)  [1/1] 0.00ns  loc: sobel.c:45
._crit_edge18:1  br i1 %tmp_24, label %6, label %._crit_edge19

ST_9: StgValue_183 (135)  [1/1] 2.10ns  loc: sobel.c:47
:0  store i32 0, i32* %output_image_addr_4, align 4

ST_9: StgValue_184 (136)  [1/1] 0.00ns  loc: sobel.c:48
:1  br label %._crit_edge19

ST_9: StgValue_185 (138)  [1/1] 0.00ns  loc: sobel.c:22
._crit_edge19:0  br label %.preheader10


 <State 10>: 3.26ns
ST_10: max_1 (144)  [1/2] 2.10ns  loc: sobel.c:53
:2  %max_1 = load i32* %image_addr, align 4

ST_10: StgValue_187 (145)  [1/1] 1.16ns  loc: sobel.c:54
:3  store i32 %max_1, i32* %min_1

ST_10: StgValue_188 (146)  [1/1] 1.16ns  loc: sobel.c:54
:4  store i32 %max_1, i32* %min

ST_10: StgValue_189 (147)  [1/1] 1.16ns  loc: sobel.c:56
:5  br label %8


 <State 11>: 1.93ns
ST_11: c (149)  [1/1] 0.00ns
:0  %c = phi i8 [ 1, %7 ], [ %c_1, %9 ]

ST_11: exitcond3 (150)  [1/1] 1.39ns  loc: sobel.c:56
:1  %exitcond3 = icmp eq i8 %c, -1

ST_11: empty_4 (151)  [1/1] 0.00ns
:2  %empty_4 = call i32 (...)* @_ssdm_op_SpecLoopTripCount(i64 254, i64 254, i64 254) nounwind

ST_11: StgValue_193 (152)  [1/1] 0.00ns  loc: sobel.c:56
:3  br i1 %exitcond3, label %.preheader8.preheader, label %.preheader9.preheader

ST_11: StgValue_194 (154)  [1/1] 1.16ns
.preheader9.preheader:0  br label %.preheader9

ST_11: min_load (179)  [1/1] 0.00ns  loc: sobel.c:78
.preheader8.preheader:0  %min_load = load i32* %min

ST_11: min_1_load (180)  [1/1] 0.00ns  loc: sobel.c:78
.preheader8.preheader:1  %min_1_load = load i32* %min_1

ST_11: tmp_6 (181)  [1/1] 1.93ns  loc: sobel.c:78
.preheader8.preheader:2  %tmp_6 = sub nsw i32 %min_load, %min_1_load

ST_11: StgValue_198 (182)  [1/1] 1.16ns  loc: sobel.c:74
.preheader8.preheader:3  br label %.preheader8


 <State 12>: 2.10ns
ST_12: d (156)  [1/1] 0.00ns
.preheader9:0  %d = phi i8 [ %d_1, %._crit_edge20 ], [ 1, %.preheader9.preheader ]

ST_12: tmp_30 (157)  [1/1] 0.00ns  loc: sobel.c:56
.preheader9:1  %tmp_30 = call i16 @_ssdm_op_BitConcatenate.i16.i8.i8(i8 %c, i8 %d)

ST_12: tmp_31 (158)  [1/1] 0.00ns  loc: sobel.c:60
.preheader9:2  %tmp_31 = zext i16 %tmp_30 to i32

ST_12: image_addr_2 (159)  [1/1] 0.00ns  loc: sobel.c:60
.preheader9:3  %image_addr_2 = getelementptr [65536 x i32]* %image, i32 0, i32 %tmp_31

ST_12: exitcond2 (160)  [1/1] 1.39ns  loc: sobel.c:58
.preheader9:4  %exitcond2 = icmp eq i8 %d, -1

ST_12: empty_5 (161)  [1/1] 0.00ns
.preheader9:5  %empty_5 = call i32 (...)* @_ssdm_op_SpecLoopTripCount(i64 254, i64 254, i64 254) nounwind

ST_12: StgValue_205 (162)  [1/1] 0.00ns  loc: sobel.c:58
.preheader9:6  br i1 %exitcond2, label %9, label %._crit_edge20

ST_12: max_2 (166)  [2/2] 2.10ns  loc: sobel.c:60
._crit_edge20:2  %max_2 = load i32* %image_addr_2, align 4

ST_12: d_1 (171)  [1/1] 1.33ns  loc: sobel.c:58
._crit_edge20:7  %d_1 = add i8 %d, 1

ST_12: c_1 (176)  [1/1] 1.33ns  loc: sobel.c:56
:0  %c_1 = add i8 %c, 1

ST_12: StgValue_209 (177)  [1/1] 0.00ns  loc: sobel.c:56
:1  br label %8


 <State 13>: 6.12ns
ST_13: min_load_1 (164)  [1/1] 0.00ns  loc: sobel.c:60
._crit_edge20:0  %min_load_1 = load i32* %min

ST_13: min_1_load_1 (165)  [1/1] 0.00ns  loc: sobel.c:65
._crit_edge20:1  %min_1_load_1 = load i32* %min_1

ST_13: max_2 (166)  [1/2] 2.10ns  loc: sobel.c:60
._crit_edge20:2  %max_2 = load i32* %image_addr_2, align 4

ST_13: tmp_2 (167)  [1/1] 1.83ns  loc: sobel.c:60
._crit_edge20:3  %tmp_2 = icmp sgt i32 %max_2, %min_load_1

ST_13: max_6_max_1 (168)  [1/1] 1.04ns  loc: sobel.c:60
._crit_edge20:4  %max_6_max_1 = select i1 %tmp_2, i32 %max_2, i32 %min_load_1

ST_13: tmp_20 (169)  [1/1] 1.83ns  loc: sobel.c:65
._crit_edge20:5  %tmp_20 = icmp slt i32 %max_2, %min_1_load_1

ST_13: max (170)  [1/1] 1.04ns  loc: sobel.c:65
._crit_edge20:6  %max = select i1 %tmp_20, i32 %max_2, i32 %min_1_load_1

ST_13: StgValue_217 (172)  [1/1] 1.16ns  loc: sobel.c:65
._crit_edge20:8  store i32 %max, i32* %min_1

ST_13: StgValue_218 (173)  [1/1] 1.16ns  loc: sobel.c:60
._crit_edge20:9  store i32 %max_6_max_1, i32* %min

ST_13: StgValue_219 (174)  [1/1] 0.00ns  loc: sobel.c:58
._crit_edge20:10  br label %.preheader9


 <State 14>: 1.39ns
ST_14: k (184)  [1/1] 0.00ns
.preheader8:0  %k = phi i8 [ %k_1, %11 ], [ 1, %.preheader8.preheader ]

ST_14: exitcond1 (185)  [1/1] 1.39ns  loc: sobel.c:74
.preheader8:1  %exitcond1 = icmp eq i8 %k, -1

ST_14: empty_6 (186)  [1/1] 0.00ns
.preheader8:2  %empty_6 = call i32 (...)* @_ssdm_op_SpecLoopTripCount(i64 254, i64 254, i64 254) nounwind

ST_14: StgValue_223 (187)  [1/1] 0.00ns  loc: sobel.c:74
.preheader8:3  br i1 %exitcond1, label %12, label %.preheader.preheader

ST_14: StgValue_224 (189)  [1/1] 1.16ns
.preheader.preheader:0  br label %.preheader

ST_14: StgValue_225 (211)  [1/1] 0.00ns  loc: sobel.c:84
:0  ret void


 <State 15>: 2.10ns
ST_15: l (191)  [1/1] 0.00ns
.preheader:0  %l = phi i8 [ %l_1, %10 ], [ 1, %.preheader.preheader ]

ST_15: tmp_42 (192)  [1/1] 0.00ns  loc: sobel.c:74
.preheader:1  %tmp_42 = call i16 @_ssdm_op_BitConcatenate.i16.i8.i8(i8 %k, i8 %l)

ST_15: tmp_43 (193)  [1/1] 0.00ns  loc: sobel.c:78
.preheader:2  %tmp_43 = zext i16 %tmp_42 to i32

ST_15: output_image_addr_1 (194)  [1/1] 0.00ns  loc: sobel.c:78
.preheader:3  %output_image_addr_1 = getelementptr [65536 x i32]* %output_image, i32 0, i32 %tmp_43

ST_15: image_addr_3 (195)  [1/1] 0.00ns  loc: sobel.c:78
.preheader:4  %image_addr_3 = getelementptr [65536 x i32]* %image, i32 0, i32 %tmp_43

ST_15: exitcond (196)  [1/1] 1.39ns  loc: sobel.c:76
.preheader:5  %exitcond = icmp eq i8 %l, -1

ST_15: empty_7 (197)  [1/1] 0.00ns
.preheader:6  %empty_7 = call i32 (...)* @_ssdm_op_SpecLoopTripCount(i64 254, i64 254, i64 254) nounwind

ST_15: StgValue_233 (198)  [1/1] 0.00ns  loc: sobel.c:76
.preheader:7  br i1 %exitcond, label %11, label %10

ST_15: image_load (200)  [2/2] 2.10ns  loc: sobel.c:78
:0  %image_load = load i32* %image_addr_3, align 4

ST_15: l_1 (205)  [1/1] 1.33ns  loc: sobel.c:76
:5  %l_1 = add i8 1, %l

ST_15: k_1 (208)  [1/1] 1.33ns  loc: sobel.c:74
:0  %k_1 = add i8 %k, 1

ST_15: StgValue_237 (209)  [1/1] 0.00ns  loc: sobel.c:74
:1  br label %.preheader8


 <State 16>: 8.11ns
ST_16: image_load (200)  [1/2] 2.10ns  loc: sobel.c:78
:0  %image_load = load i32* %image_addr_3, align 4

ST_16: tmp_44 (201)  [1/1] 0.00ns  loc: sobel.c:78 (grouped into LUT with out node tmp_22)
:1  %tmp_44 = shl i32 %image_load, 8

ST_16: tmp_22 (202)  [1/1] 1.93ns  loc: sobel.c:78 (out node of the LUT)
:2  %tmp_22 = sub i32 %tmp_44, %image_load

ST_16: tmp_23 (203)  [36/36] 4.08ns  loc: sobel.c:78
:3  %tmp_23 = sdiv i32 %tmp_22, %tmp_6


 <State 17>: 4.08ns
ST_17: tmp_23 (203)  [35/36] 4.08ns  loc: sobel.c:78
:3  %tmp_23 = sdiv i32 %tmp_22, %tmp_6


 <State 18>: 4.08ns
ST_18: tmp_23 (203)  [34/36] 4.08ns  loc: sobel.c:78
:3  %tmp_23 = sdiv i32 %tmp_22, %tmp_6


 <State 19>: 4.08ns
ST_19: tmp_23 (203)  [33/36] 4.08ns  loc: sobel.c:78
:3  %tmp_23 = sdiv i32 %tmp_22, %tmp_6


 <State 20>: 4.08ns
ST_20: tmp_23 (203)  [32/36] 4.08ns  loc: sobel.c:78
:3  %tmp_23 = sdiv i32 %tmp_22, %tmp_6


 <State 21>: 4.08ns
ST_21: tmp_23 (203)  [31/36] 4.08ns  loc: sobel.c:78
:3  %tmp_23 = sdiv i32 %tmp_22, %tmp_6


 <State 22>: 4.08ns
ST_22: tmp_23 (203)  [30/36] 4.08ns  loc: sobel.c:78
:3  %tmp_23 = sdiv i32 %tmp_22, %tmp_6


 <State 23>: 4.08ns
ST_23: tmp_23 (203)  [29/36] 4.08ns  loc: sobel.c:78
:3  %tmp_23 = sdiv i32 %tmp_22, %tmp_6


 <State 24>: 4.08ns
ST_24: tmp_23 (203)  [28/36] 4.08ns  loc: sobel.c:78
:3  %tmp_23 = sdiv i32 %tmp_22, %tmp_6


 <State 25>: 4.08ns
ST_25: tmp_23 (203)  [27/36] 4.08ns  loc: sobel.c:78
:3  %tmp_23 = sdiv i32 %tmp_22, %tmp_6


 <State 26>: 4.08ns
ST_26: tmp_23 (203)  [26/36] 4.08ns  loc: sobel.c:78
:3  %tmp_23 = sdiv i32 %tmp_22, %tmp_6


 <State 27>: 4.08ns
ST_27: tmp_23 (203)  [25/36] 4.08ns  loc: sobel.c:78
:3  %tmp_23 = sdiv i32 %tmp_22, %tmp_6


 <State 28>: 4.08ns
ST_28: tmp_23 (203)  [24/36] 4.08ns  loc: sobel.c:78
:3  %tmp_23 = sdiv i32 %tmp_22, %tmp_6


 <State 29>: 4.08ns
ST_29: tmp_23 (203)  [23/36] 4.08ns  loc: sobel.c:78
:3  %tmp_23 = sdiv i32 %tmp_22, %tmp_6


 <State 30>: 4.08ns
ST_30: tmp_23 (203)  [22/36] 4.08ns  loc: sobel.c:78
:3  %tmp_23 = sdiv i32 %tmp_22, %tmp_6


 <State 31>: 4.08ns
ST_31: tmp_23 (203)  [21/36] 4.08ns  loc: sobel.c:78
:3  %tmp_23 = sdiv i32 %tmp_22, %tmp_6


 <State 32>: 4.08ns
ST_32: tmp_23 (203)  [20/36] 4.08ns  loc: sobel.c:78
:3  %tmp_23 = sdiv i32 %tmp_22, %tmp_6


 <State 33>: 4.08ns
ST_33: tmp_23 (203)  [19/36] 4.08ns  loc: sobel.c:78
:3  %tmp_23 = sdiv i32 %tmp_22, %tmp_6


 <State 34>: 4.08ns
ST_34: tmp_23 (203)  [18/36] 4.08ns  loc: sobel.c:78
:3  %tmp_23 = sdiv i32 %tmp_22, %tmp_6


 <State 35>: 4.08ns
ST_35: tmp_23 (203)  [17/36] 4.08ns  loc: sobel.c:78
:3  %tmp_23 = sdiv i32 %tmp_22, %tmp_6


 <State 36>: 4.08ns
ST_36: tmp_23 (203)  [16/36] 4.08ns  loc: sobel.c:78
:3  %tmp_23 = sdiv i32 %tmp_22, %tmp_6


 <State 37>: 4.08ns
ST_37: tmp_23 (203)  [15/36] 4.08ns  loc: sobel.c:78
:3  %tmp_23 = sdiv i32 %tmp_22, %tmp_6


 <State 38>: 4.08ns
ST_38: tmp_23 (203)  [14/36] 4.08ns  loc: sobel.c:78
:3  %tmp_23 = sdiv i32 %tmp_22, %tmp_6


 <State 39>: 4.08ns
ST_39: tmp_23 (203)  [13/36] 4.08ns  loc: sobel.c:78
:3  %tmp_23 = sdiv i32 %tmp_22, %tmp_6


 <State 40>: 4.08ns
ST_40: tmp_23 (203)  [12/36] 4.08ns  loc: sobel.c:78
:3  %tmp_23 = sdiv i32 %tmp_22, %tmp_6


 <State 41>: 4.08ns
ST_41: tmp_23 (203)  [11/36] 4.08ns  loc: sobel.c:78
:3  %tmp_23 = sdiv i32 %tmp_22, %tmp_6


 <State 42>: 4.08ns
ST_42: tmp_23 (203)  [10/36] 4.08ns  loc: sobel.c:78
:3  %tmp_23 = sdiv i32 %tmp_22, %tmp_6


 <State 43>: 4.08ns
ST_43: tmp_23 (203)  [9/36] 4.08ns  loc: sobel.c:78
:3  %tmp_23 = sdiv i32 %tmp_22, %tmp_6


 <State 44>: 4.08ns
ST_44: tmp_23 (203)  [8/36] 4.08ns  loc: sobel.c:78
:3  %tmp_23 = sdiv i32 %tmp_22, %tmp_6


 <State 45>: 4.08ns
ST_45: tmp_23 (203)  [7/36] 4.08ns  loc: sobel.c:78
:3  %tmp_23 = sdiv i32 %tmp_22, %tmp_6


 <State 46>: 4.08ns
ST_46: tmp_23 (203)  [6/36] 4.08ns  loc: sobel.c:78
:3  %tmp_23 = sdiv i32 %tmp_22, %tmp_6


 <State 47>: 4.08ns
ST_47: tmp_23 (203)  [5/36] 4.08ns  loc: sobel.c:78
:3  %tmp_23 = sdiv i32 %tmp_22, %tmp_6


 <State 48>: 4.08ns
ST_48: tmp_23 (203)  [4/36] 4.08ns  loc: sobel.c:78
:3  %tmp_23 = sdiv i32 %tmp_22, %tmp_6


 <State 49>: 4.08ns
ST_49: tmp_23 (203)  [3/36] 4.08ns  loc: sobel.c:78
:3  %tmp_23 = sdiv i32 %tmp_22, %tmp_6


 <State 50>: 4.08ns
ST_50: tmp_23 (203)  [2/36] 4.08ns  loc: sobel.c:78
:3  %tmp_23 = sdiv i32 %tmp_22, %tmp_6


 <State 51>: 6.18ns
ST_51: tmp_23 (203)  [1/36] 4.08ns  loc: sobel.c:78
:3  %tmp_23 = sdiv i32 %tmp_22, %tmp_6

ST_51: StgValue_277 (204)  [1/1] 2.10ns  loc: sobel.c:78
:4  store i32 %tmp_23, i32* %output_image_addr_1, align 4

ST_51: StgValue_278 (206)  [1/1] 0.00ns  loc: sobel.c:76
:6  br label %.preheader



============================================================
+ Verbose Summary: Timing violations
============================================================
Target clock period: 10ns, clock uncertainty: 1.25ns.

 <State 1>: 1.16ns
The critical path consists of the following:
	multiplexor before 'phi' operation ('i') with incoming values : ('i', sobel.c:26) [10]  (1.16 ns)

 <State 2>: 2.46ns
The critical path consists of the following:
	'phi' operation ('i') with incoming values : ('i', sobel.c:26) [10]  (0 ns)
	'icmp' operation ('tmp_1', sobel.c:24) [24]  (1.42 ns)
	'and' operation ('tmp1', sobel.c:24) [32]  (1.04 ns)

 <State 3>: 5.16ns
The critical path consists of the following:
	'phi' operation ('j') with incoming values : ('j', sobel.c:22) [35]  (0 ns)
	'add' operation ('tmp_9', sobel.c:26) [63]  (1.43 ns)
	'add' operation ('tmp_32', sobel.c:26) [65]  (1.63 ns)
	'getelementptr' operation ('input_image_addr', sobel.c:26) [67]  (0 ns)
	'load' operation ('input_image_load', sobel.c:26) on array 'input_image' [74]  (2.1 ns)

 <State 4>: 3.73ns
The critical path consists of the following:
	'add' operation ('tmp_33', sobel.c:26) [68]  (1.63 ns)
	'getelementptr' operation ('input_image_addr_3', sobel.c:26) [70]  (0 ns)
	'load' operation ('input_image_load_3', sobel.c:26) on array 'input_image' [87]  (2.1 ns)

 <State 5>: 2.1ns
The critical path consists of the following:
	'getelementptr' operation ('input_image_addr_5', sobel.c:26) [73]  (0 ns)
	'load' operation ('input_image_load_5', sobel.c:26) on array 'input_image' [91]  (2.1 ns)

 <State 6>: 5.19ns
The critical path consists of the following:
	'sub' operation ('tmp_11', sobel.c:26) [94]  (1.93 ns)
	'sub' operation ('tmp_12', sobel.c:26) [95]  (1.63 ns)
	'add' operation ('tmp_13', sobel.c:26) [96]  (1.63 ns)

 <State 7>: 5.36ns
The critical path consists of the following:
	'load' operation ('input_image_load_6', sobel.c:26) on array 'input_image' [92]  (2.1 ns)
	'shl' operation ('tmp_41', sobel.c:27) [100]  (0 ns)
	'sub' operation ('tmp_19', sobel.c:27) [104]  (1.63 ns)
	'sub' operation ('y_dir', sobel.c:27) [105]  (1.63 ns)

 <State 8>: 5.96ns
The critical path consists of the following:
	'sub' operation ('neg', sobel.c:26) [106]  (1.93 ns)
	'select' operation ('abs', sobel.c:26) [108]  (0 ns)
	'add' operation ('edge_weight', sobel.c:28) [112]  (1.93 ns)
	'store' operation (sobel.c:29) of variable 'edge_weight', sobel.c:28 on array 'image', sobel.c:9 [113]  (2.1 ns)

 <State 9>: 2.1ns
The critical path consists of the following:
	'store' operation (sobel.c:43) of constant 0 on array 'output_image' [129]  (2.1 ns)

 <State 10>: 3.26ns
The critical path consists of the following:
	'load' operation ('max', sobel.c:53) on array 'image', sobel.c:9 [144]  (2.1 ns)
	'store' operation (sobel.c:54) of variable 'max', sobel.c:53 on local variable 'min' [145]  (1.16 ns)

 <State 11>: 1.93ns
The critical path consists of the following:
	'load' operation ('min_load', sobel.c:78) on local variable 'min' [179]  (0 ns)
	'sub' operation ('tmp_6', sobel.c:78) [181]  (1.93 ns)

 <State 12>: 2.1ns
The critical path consists of the following:
	'phi' operation ('d') with incoming values : ('d', sobel.c:58) [156]  (0 ns)
	'getelementptr' operation ('image_addr_2', sobel.c:60) [159]  (0 ns)
	'load' operation ('max', sobel.c:60) on array 'image', sobel.c:9 [166]  (2.1 ns)

 <State 13>: 6.12ns
The critical path consists of the following:
	'load' operation ('max', sobel.c:60) on array 'image', sobel.c:9 [166]  (2.1 ns)
	'icmp' operation ('tmp_2', sobel.c:60) [167]  (1.83 ns)
	'select' operation ('max_6_max_1', sobel.c:60) [168]  (1.04 ns)
	'store' operation (sobel.c:60) of variable 'max_6_max_1', sobel.c:60 on local variable 'min' [173]  (1.16 ns)

 <State 14>: 1.39ns
The critical path consists of the following:
	'phi' operation ('k') with incoming values : ('k', sobel.c:74) [184]  (0 ns)
	'icmp' operation ('exitcond1', sobel.c:74) [185]  (1.39 ns)

 <State 15>: 2.1ns
The critical path consists of the following:
	'phi' operation ('l') with incoming values : ('l', sobel.c:76) [191]  (0 ns)
	'getelementptr' operation ('image_addr_3', sobel.c:78) [195]  (0 ns)
	'load' operation ('image_load', sobel.c:78) on array 'image', sobel.c:9 [200]  (2.1 ns)

 <State 16>: 8.11ns
The critical path consists of the following:
	'load' operation ('image_load', sobel.c:78) on array 'image', sobel.c:9 [200]  (2.1 ns)
	'sub' operation ('tmp_22', sobel.c:78) [202]  (1.93 ns)
	'sdiv' operation ('tmp_23', sobel.c:78) [203]  (4.08 ns)

 <State 17>: 4.08ns
The critical path consists of the following:
	'sdiv' operation ('tmp_23', sobel.c:78) [203]  (4.08 ns)

 <State 18>: 4.08ns
The critical path consists of the following:
	'sdiv' operation ('tmp_23', sobel.c:78) [203]  (4.08 ns)

 <State 19>: 4.08ns
The critical path consists of the following:
	'sdiv' operation ('tmp_23', sobel.c:78) [203]  (4.08 ns)

 <State 20>: 4.08ns
The critical path consists of the following:
	'sdiv' operation ('tmp_23', sobel.c:78) [203]  (4.08 ns)

 <State 21>: 4.08ns
The critical path consists of the following:
	'sdiv' operation ('tmp_23', sobel.c:78) [203]  (4.08 ns)

 <State 22>: 4.08ns
The critical path consists of the following:
	'sdiv' operation ('tmp_23', sobel.c:78) [203]  (4.08 ns)

 <State 23>: 4.08ns
The critical path consists of the following:
	'sdiv' operation ('tmp_23', sobel.c:78) [203]  (4.08 ns)

 <State 24>: 4.08ns
The critical path consists of the following:
	'sdiv' operation ('tmp_23', sobel.c:78) [203]  (4.08 ns)

 <State 25>: 4.08ns
The critical path consists of the following:
	'sdiv' operation ('tmp_23', sobel.c:78) [203]  (4.08 ns)

 <State 26>: 4.08ns
The critical path consists of the following:
	'sdiv' operation ('tmp_23', sobel.c:78) [203]  (4.08 ns)

 <State 27>: 4.08ns
The critical path consists of the following:
	'sdiv' operation ('tmp_23', sobel.c:78) [203]  (4.08 ns)

 <State 28>: 4.08ns
The critical path consists of the following:
	'sdiv' operation ('tmp_23', sobel.c:78) [203]  (4.08 ns)

 <State 29>: 4.08ns
The critical path consists of the following:
	'sdiv' operation ('tmp_23', sobel.c:78) [203]  (4.08 ns)

 <State 30>: 4.08ns
The critical path consists of the following:
	'sdiv' operation ('tmp_23', sobel.c:78) [203]  (4.08 ns)

 <State 31>: 4.08ns
The critical path consists of the following:
	'sdiv' operation ('tmp_23', sobel.c:78) [203]  (4.08 ns)

 <State 32>: 4.08ns
The critical path consists of the following:
	'sdiv' operation ('tmp_23', sobel.c:78) [203]  (4.08 ns)

 <State 33>: 4.08ns
The critical path consists of the following:
	'sdiv' operation ('tmp_23', sobel.c:78) [203]  (4.08 ns)

 <State 34>: 4.08ns
The critical path consists of the following:
	'sdiv' operation ('tmp_23', sobel.c:78) [203]  (4.08 ns)

 <State 35>: 4.08ns
The critical path consists of the following:
	'sdiv' operation ('tmp_23', sobel.c:78) [203]  (4.08 ns)

 <State 36>: 4.08ns
The critical path consists of the following:
	'sdiv' operation ('tmp_23', sobel.c:78) [203]  (4.08 ns)

 <State 37>: 4.08ns
The critical path consists of the following:
	'sdiv' operation ('tmp_23', sobel.c:78) [203]  (4.08 ns)

 <State 38>: 4.08ns
The critical path consists of the following:
	'sdiv' operation ('tmp_23', sobel.c:78) [203]  (4.08 ns)

 <State 39>: 4.08ns
The critical path consists of the following:
	'sdiv' operation ('tmp_23', sobel.c:78) [203]  (4.08 ns)

 <State 40>: 4.08ns
The critical path consists of the following:
	'sdiv' operation ('tmp_23', sobel.c:78) [203]  (4.08 ns)

 <State 41>: 4.08ns
The critical path consists of the following:
	'sdiv' operation ('tmp_23', sobel.c:78) [203]  (4.08 ns)

 <State 42>: 4.08ns
The critical path consists of the following:
	'sdiv' operation ('tmp_23', sobel.c:78) [203]  (4.08 ns)

 <State 43>: 4.08ns
The critical path consists of the following:
	'sdiv' operation ('tmp_23', sobel.c:78) [203]  (4.08 ns)

 <State 44>: 4.08ns
The critical path consists of the following:
	'sdiv' operation ('tmp_23', sobel.c:78) [203]  (4.08 ns)

 <State 45>: 4.08ns
The critical path consists of the following:
	'sdiv' operation ('tmp_23', sobel.c:78) [203]  (4.08 ns)

 <State 46>: 4.08ns
The critical path consists of the following:
	'sdiv' operation ('tmp_23', sobel.c:78) [203]  (4.08 ns)

 <State 47>: 4.08ns
The critical path consists of the following:
	'sdiv' operation ('tmp_23', sobel.c:78) [203]  (4.08 ns)

 <State 48>: 4.08ns
The critical path consists of the following:
	'sdiv' operation ('tmp_23', sobel.c:78) [203]  (4.08 ns)

 <State 49>: 4.08ns
The critical path consists of the following:
	'sdiv' operation ('tmp_23', sobel.c:78) [203]  (4.08 ns)

 <State 50>: 4.08ns
The critical path consists of the following:
	'sdiv' operation ('tmp_23', sobel.c:78) [203]  (4.08 ns)

 <State 51>: 6.18ns
The critical path consists of the following:
	'sdiv' operation ('tmp_23', sobel.c:78) [203]  (4.08 ns)
	'store' operation (sobel.c:78) of variable 'tmp_23', sobel.c:78 on array 'output_image' [204]  (2.1 ns)


============================================================
+ Verbose Summary: Binding
============================================================
N/A
* FSMD analyzer results:
  - Output states:
 - Input state : 
  - Chain level:
	State 1
	State 2
	State 3
	State 4
	State 5
	State 6
	State 7
	State 8
	State 9
	State 10
	State 11
	State 12
	State 13
	State 14
	State 15
	State 16
	State 17
	State 18
	State 19
	State 20
	State 21
	State 22
	State 23
	State 24
	State 25
	State 26
	State 27
	State 28
	State 29
	State 30
	State 31
	State 32
	State 33
	State 34
	State 35
	State 36
	State 37
	State 38
	State 39
	State 40
	State 41
	State 42
	State 43
	State 44
	State 45
	State 46
	State 47
	State 48
	State 49
	State 50
	State 51


============================================================
+ Verbose Summary: Datapath Resource usage 
============================================================
N/A
