INFO: [XSIM 43-3496] Using init file passed via -initfile option "C:/Xilinx/Vivado/2016.3/bin/../data/xsim/ip/xsim_ip.ini".
Vivado Simulator 2016.3
Copyright 1986-1999, 2001-2016 Xilinx, Inc. All Rights Reserved.
Running: C:/Xilinx/Vivado/2016.3/bin/unwrapped/win64.o/xelab.exe xil_defaultlib.apatb_kmeans_top -prj kmeans.prj --initfile C:/Xilinx/Vivado/2016.3/bin/../data/xsim/ip/xsim_ip.ini --lib ieee_proposed=./ieee_proposed -s kmeans 
Multi-threading is on. Using 30 slave threads.
INFO: [VRFC 10-2263] Analyzing SystemVerilog file "W:/Desktop/kmeans/kmeans/solution1/sim/verilog/kmeans.autotb.v" into library xil_defaultlib
INFO: [VRFC 10-311] analyzing module apatb_kmeans_top
INFO: [VRFC 10-2263] Analyzing SystemVerilog file "W:/Desktop/kmeans/kmeans/solution1/sim/verilog/AESL_automem_image_in.v" into library xil_defaultlib
INFO: [VRFC 10-311] analyzing module AESL_automem_image_in
INFO: [VRFC 10-2263] Analyzing SystemVerilog file "W:/Desktop/kmeans/kmeans/solution1/sim/verilog/AESL_automem_final.v" into library xil_defaultlib
INFO: [VRFC 10-311] analyzing module AESL_automem_final
INFO: [VRFC 10-2263] Analyzing SystemVerilog file "W:/Desktop/kmeans/kmeans/solution1/sim/verilog/kmeans.v" into library xil_defaultlib
INFO: [VRFC 10-311] analyzing module kmeans
INFO: [VRFC 10-2263] Analyzing SystemVerilog file "W:/Desktop/kmeans/kmeans/solution1/sim/verilog/kmeans_mux_42_32_1.v" into library xil_defaultlib
INFO: [VRFC 10-311] analyzing module kmeans_mux_42_32_1
INFO: [VRFC 10-2263] Analyzing SystemVerilog file "W:/Desktop/kmeans/kmeans/solution1/sim/verilog/kmeans_empty.v" into library xil_defaultlib
INFO: [VRFC 10-311] analyzing module kmeans_empty_ram
INFO: [VRFC 10-311] analyzing module kmeans_empty
Starting static elaboration
Completed static elaboration
Starting simulation data flow analysis
Completed simulation data flow analysis
Time Resolution for simulation is 1ps
Compiling module xil_defaultlib.kmeans_empty_ram
Compiling module xil_defaultlib.kmeans_empty(DataWidth=16,Addres...
Compiling module xil_defaultlib.kmeans_mux_42_32_1(ID=1,din5_WID...
Compiling module xil_defaultlib.kmeans
Compiling module xil_defaultlib.AESL_automem_image_in
Compiling module xil_defaultlib.AESL_automem_final
Compiling module xil_defaultlib.apatb_kmeans_top
Built simulation snapshot kmeans
