#-----------------------------------------------------------
# xsim v2016.3 (64-bit)
# SW Build 1682563 on Mon Oct 10 19:07:27 MDT 2016
# IP Build 1681267 on Mon Oct 10 21:28:31 MDT 2016
# Start of session at: Sun Mar 29 21:47:22 2020
# Process ID: 50576
# Current directory: W:/Desktop/kmeans/kmeans/solution1/sim/verilog
# Command line: xsim.exe -mode tcl -source {xsim.dir/kmeans/xsim_script.tcl}
# Log file: W:/Desktop/kmeans/kmeans/solution1/sim/verilog/xsim.log
# Journal file: W:/Desktop/kmeans/kmeans/solution1/sim/verilog\xsim.jou
#-----------------------------------------------------------
source xsim.dir/kmeans/xsim_script.tcl
# xsim {kmeans} -autoloadwcfg -tclbatch {kmeans.tcl}
Vivado Simulator 2016.3
Time resolution is 1 ps
source kmeans.tcl
## run all
////////////////////////////////////////////////////////////////////////////////////
// Inter-Transaction Progress: Completed Transaction / Total Transaction
// Intra-Transaction Progress: Measured Latency / Latency Estimation * 100%
//
// RTL Simulation : "Inter-Transaction Progress" ["Intra-Transaction Progress"] @ "Simulation Time"
////////////////////////////////////////////////////////////////////////////////////
// RTL Simulation : 0 / 1 [0.00%] @ "125000"
// RTL Simulation : 1 / 1 [0.00%] @ "12467375000"
////////////////////////////////////////////////////////////////////////////////////
$finish called at time : 12467415 ns : File "W:/Desktop/kmeans/kmeans/solution1/sim/verilog/kmeans.autotb.v" Line 268
run: Time (s): cpu = 00:00:00 ; elapsed = 00:00:15 . Memory (MB): peak = 207.348 ; gain = 0.000
## quit
INFO: [Common 17-206] Exiting xsim at Sun Mar 29 21:47:40 2020...
