#-----------------------------------------------------------
# xsim v2016.3 (64-bit)
# SW Build 1682563 on Mon Oct 10 19:07:27 MDT 2016
# IP Build 1681267 on Mon Oct 10 21:28:31 MDT 2016
# Start of session at: Sun Mar 29 23:31:54 2020
# Process ID: 75744
# Current directory: W:/Desktop/sobel1/sobel/solution1/sim/verilog
# Command line: xsim.exe -mode tcl -source {xsim.dir/sobel/xsim_script.tcl}
# Log file: W:/Desktop/sobel1/sobel/solution1/sim/verilog/xsim.log
# Journal file: W:/Desktop/sobel1/sobel/solution1/sim/verilog\xsim.jou
#-----------------------------------------------------------
source xsim.dir/sobel/xsim_script.tcl
# xsim {sobel} -autoloadwcfg -tclbatch {sobel.tcl}
Vivado Simulator 2016.3
Time resolution is 1 ps
source sobel.tcl
## run all
////////////////////////////////////////////////////////////////////////////////////
// Inter-Transaction Progress: Completed Transaction / Total Transaction
// Intra-Transaction Progress: Measured Latency / Latency Estimation * 100%
//
// RTL Simulation : "Inter-Transaction Progress" ["Intra-Transaction Progress"] @ "Simulation Time"
////////////////////////////////////////////////////////////////////////////////////
// RTL Simulation : 0 / 1 [0.00%] @ "125000"
// RTL Simulation : 1 / 1 [0.00%] @ "29723425000"
////////////////////////////////////////////////////////////////////////////////////
$finish called at time : 29723465 ns : File "W:/Desktop/sobel1/sobel/solution1/sim/verilog/sobel.autotb.v" Line 287
run: Time (s): cpu = 00:00:00 ; elapsed = 00:00:23 . Memory (MB): peak = 207.207 ; gain = 0.000
## quit
INFO: [Common 17-206] Exiting xsim at Sun Mar 29 23:32:19 2020...
